::1 - - [11/Nov/2018:20:32:19 +0300] "GET /manual/ HTTP/1.1" 404 205
::1 - - [11/Nov/2018:20:32:20 +0300] "GET /favicon.ico HTTP/1.1" 404 209
::1 - - [11/Nov/2018:20:32:23 +0300] "GET / HTTP/1.1" 200 293
::1 - - [11/Nov/2018:20:32:26 +0300] "GET /test.ru/ HTTP/1.1" 200 218
::1 - - [11/Nov/2018:20:32:28 +0300] "GET / HTTP/1.1" 200 293
::1 - - [11/Nov/2018:20:32:28 +0300] "GET /access.log HTTP/1.1" 200 341
::1 - - [11/Nov/2018:20:32:33 +0300] "GET /error.log HTTP/1.1" 200 883
::1 - - [11/Nov/2018:20:55:14 +0300] "GET / HTTP/1.1" 200 293
127.0.0.1 - - [11/Nov/2018:21:06:20 +0300] "GET /test.php HTTP/1.1" 404 206
127.0.0.1 - - [11/Nov/2018:21:06:20 +0300] "GET /favicon.ico HTTP/1.1" 404 209
::1 - - [11/Nov/2018:21:06:29 +0300] "GET / HTTP/1.1" 200 293
::1 - - [11/Nov/2018:21:06:30 +0300] "GET / HTTP/1.1" 200 293
::1 - - [11/Nov/2018:21:06:50 +0300] "GET /test.php HTTP/1.1" 404 206
::1 - - [11/Nov/2018:21:07:12 +0300] "GET / HTTP/1.1" 200 293
::1 - - [11/Nov/2018:21:07:14 +0300] "GET /access.log HTTP/1.1" 200 966
::1 - - [11/Nov/2018:21:07:17 +0300] "GET /error.log HTTP/1.1" 200 2411
::1 - - [11/Nov/2018:21:08:05 +0300] "GET /index.html HTTP/1.1" 404 208
::1 - - [11/Nov/2018:21:08:20 +0300] "GET /test.php HTTP/1.1" 404 206
::1 - - [11/Nov/2018:21:08:24 +0300] "GET /test.php HTTP/1.1" 404 206
::1 - - [11/Nov/2018:21:08:29 +0300] "GET /index.html HTTP/1.1" 404 208
::1 - - [11/Nov/2018:21:09:03 +0300] "GET /index.html HTTP/1.1" 404 208
::1 - - [11/Nov/2018:21:09:07 +0300] "GET /index.html HTTP/1.1" 404 208
::1 - - [11/Nov/2018:21:09:17 +0300] "GET / HTTP/1.1" 200 293
::1 - - [11/Nov/2018:21:09:17 +0300] "GET /favicon.ico HTTP/1.1" 404 209
::1 - - [11/Nov/2018:21:09:20 +0300] "GET /test.ru/ HTTP/1.1" 200 218
::1 - - [11/Nov/2018:21:09:20 +0300] "GET /favicon.ico HTTP/1.1" 404 209
::1 - - [11/Nov/2018:21:09:21 +0300] "GET / HTTP/1.1" 200 293
::1 - - [11/Nov/2018:21:09:22 +0300] "GET /test.ru/ HTTP/1.1" 200 218
::1 - - [11/Nov/2018:21:09:23 +0300] "GET / HTTP/1.1" 200 293
::1 - - [11/Nov/2018:21:09:23 +0300] "GET /error.log HTTP/1.1" 200 4322
::1 - - [11/Nov/2018:21:10:02 +0300] "GET /test.php HTTP/1.1" 404 206
::1 - - [11/Nov/2018:21:10:07 +0300] "GET /index.html HTTP/1.1" 404 208
::1 - - [11/Nov/2018:21:11:11 +0300] "GET /phpinfo.php. HTTP/1.1" 404 210
::1 - - [11/Nov/2018:21:11:15 +0300] "GET /phpinfo.php HTTP/1.1" 404 209
::1 - - [11/Nov/2018:21:11:17 +0300] "GET /phpinfo.php HTTP/1.1" 404 209
::1 - - [11/Nov/2018:21:11:24 +0300] "GET /phpinfo HTTP/1.1" 404 205
::1 - - [11/Nov/2018:21:11:27 +0300] "GET / HTTP/1.1" 200 293
::1 - - [11/Nov/2018:21:11:51 +0300] "GET / HTTP/1.1" 200 44
::1 - - [11/Nov/2018:21:11:52 +0300] "GET / HTTP/1.1" 304 -
::1 - - [11/Nov/2018:21:12:00 +0300] "GET /text.php HTTP/1.1" 404 206
::1 - - [11/Nov/2018:21:12:19 +0300] "GET / HTTP/1.1" 200 335
::1 - - [11/Nov/2018:21:12:21 +0300] "GET /test.php HTTP/1.1" 200 61566
::1 - - [11/Nov/2018:21:12:21 +0300] "GET /test.php?=PHPE9568F34-D428-11d2-A769-00AA001ACF42 HTTP/1.1" 200 2524
::1 - - [11/Nov/2018:21:12:21 +0300] "GET /test.php?=PHPE9568F35-D428-11d2-A769-00AA001ACF42 HTTP/1.1" 200 2146
::1 - - [11/Nov/2018:21:13:14 +0300] "GET / HTTP/1.1" 200 335
::1 - - [12/Nov/2018:08:58:34 +0300] "GET /test.php HTTP/1.1" 200 61567
::1 - - [12/Nov/2018:08:58:34 +0300] "GET /test.php?=PHPE9568F34-D428-11d2-A769-00AA001ACF42 HTTP/1.1" 200 2524
::1 - - [12/Nov/2018:08:58:34 +0300] "GET /test.php?=PHPE9568F35-D428-11d2-A769-00AA001ACF42 HTTP/1.1" 200 2146
::1 - - [12/Nov/2018:08:58:37 +0300] "GET /test.ru/ HTTP/1.1" 200 44
::1 - - [12/Nov/2018:09:04:56 +0300] "GET /index.html HTTP/1.1" 404 208
::1 - - [12/Nov/2018:09:04:56 +0300] "GET /test.php HTTP/1.1" 200 60420
::1 - - [12/Nov/2018:09:04:56 +0300] "GET / HTTP/1.1" 200 335
::1 - - [12/Nov/2018:09:04:56 +0300] "GET /error.log HTTP/1.1" 200 6083
::1 - - [12/Nov/2018:09:35:09 +0300] "GET / HTTP/1.1" 200 371
::1 - - [12/Nov/2018:09:35:10 +0300] "GET /735M/ HTTP/1.1" 200 262
::1 - - [12/Nov/2018:09:35:12 +0300] "GET /735M/SVMzhelskiy/ HTTP/1.1" 200 6995
::1 - - [12/Nov/2018:09:35:12 +0300] "GET /735M/SVMzhelskiy/style.css HTTP/1.1" 200 2443
::1 - - [12/Nov/2018:09:35:12 +0300] "GET /735M/SVMzhelskiy/logo.png HTTP/1.1" 200 68479
::1 - - [12/Nov/2018:09:35:12 +0300] "GET /735M/SVMzhelskiy/background.png HTTP/1.1" 404 229
::1 - - [12/Nov/2018:09:35:12 +0300] "GET /735M/SVMzhelskiy/block1.jpg HTTP/1.1" 404 225
::1 - - [12/Nov/2018:09:35:51 +0300] "GET /735M/SVMzhelskiy/background.png HTTP/1.1" 404 229
::1 - - [12/Nov/2018:09:35:51 +0300] "GET /735M/SVMzhelskiy/block1.jpg HTTP/1.1" 404 225
::1 - - [12/Nov/2018:09:36:06 +0300] "GET /735M/SVMzhelskiy/background.png HTTP/1.1" 404 229
::1 - - [12/Nov/2018:09:36:06 +0300] "GET /735M/SVMzhelskiy/block1.jpg HTTP/1.1" 404 225
::1 - - [12/Nov/2018:09:37:22 +0300] "GET /735M/SVMzhelskiy/ HTTP/1.1" 200 277
::1 - - [12/Nov/2018:09:37:23 +0300] "GET /735M/SVMzhelskiy/LAB2/ HTTP/1.1" 200 6995
::1 - - [12/Nov/2018:09:37:23 +0300] "GET /735M/SVMzhelskiy/LAB2/style.css HTTP/1.1" 200 2443
::1 - - [12/Nov/2018:09:37:23 +0300] "GET /735M/SVMzhelskiy/LAB2/logo.png HTTP/1.1" 200 68479
::1 - - [12/Nov/2018:09:37:23 +0300] "GET /735M/SVMzhelskiy/LAB2/background.png HTTP/1.1" 404 234
::1 - - [12/Nov/2018:09:37:23 +0300] "GET /735M/SVMzhelskiy/LAB2/block1.jpg HTTP/1.1" 404 230
::1 - - [12/Nov/2018:09:37:25 +0300] "GET /735M/SVMzhelskiy/LAB2/lab_rab1.html? HTTP/1.1" 200 4024
::1 - - [12/Nov/2018:09:37:25 +0300] "GET /735M/SVMzhelskiy/LAB2/style_form.css HTTP/1.1" 200 794
::1 - - [12/Nov/2018:09:37:29 +0300] "GET /735M/SVMzhelskiy/LAB2/index.html HTTP/1.1" 404 230
::1 - - [12/Nov/2018:09:38:03 +0300] "GET /735M/SVMzhelskiy/LAB2/index.html HTTP/1.1" 404 230
::1 - - [12/Nov/2018:09:38:06 +0300] "GET /735M/SVMzhelskiy/LAB2/ HTTP/1.1" 200 6994
::1 - - [12/Nov/2018:09:38:06 +0300] "GET /735M/SVMzhelskiy/LAB2/background.png HTTP/1.1" 404 234
::1 - - [12/Nov/2018:09:38:06 +0300] "GET /735M/SVMzhelskiy/LAB2/block1.jpg HTTP/1.1" 404 230
::1 - - [12/Nov/2018:09:38:08 +0300] "GET /735M/SVMzhelskiy/LAB2/ HTTP/1.1" 200 6994
::1 - - [12/Nov/2018:09:38:09 +0300] "GET /735M/SVMzhelskiy/LAB2/index.php HTTP/1.1" 200 6994
::1 - - [12/Nov/2018:09:38:10 +0300] "GET /735M/SVMzhelskiy/LAB2/index.php HTTP/1.1" 200 6994
::1 - - [12/Nov/2018:09:41:32 +0300] "GET /735M/SVMzhelskiy/LAB2/index.php HTTP/1.1" 200 6696
::1 - - [12/Nov/2018:09:41:32 +0300] "GET /735M/SVMzhelskiy/LAB2/background.png HTTP/1.1" 404 234
::1 - - [12/Nov/2018:09:41:32 +0300] "GET /735M/SVMzhelskiy/LAB2/block1.jpg HTTP/1.1" 404 230
::1 - - [12/Nov/2018:09:42:01 +0300] "GET /735M/SVMzhelskiy/LAB2/index.php HTTP/1.1" 200 6712
::1 - - [12/Nov/2018:09:42:01 +0300] "GET /735M/SVMzhelskiy/LAB2/background.png HTTP/1.1" 404 234
::1 - - [12/Nov/2018:09:42:01 +0300] "GET /735M/SVMzhelskiy/LAB2/block1.jpg HTTP/1.1" 404 230
::1 - - [12/Nov/2018:09:42:03 +0300] "GET /735M/SVMzhelskiy/LAB2/index.php HTTP/1.1" 200 6712
::1 - - [12/Nov/2018:09:42:03 +0300] "GET /735M/SVMzhelskiy/LAB2/background.png HTTP/1.1" 404 234
::1 - - [12/Nov/2018:09:42:03 +0300] "GET /735M/SVMzhelskiy/LAB2/block1.jpg HTTP/1.1" 404 230
::1 - - [12/Nov/2018:09:42:35 +0300] "GET /735M/SVMzhelskiy/LAB2/index.php HTTP/1.1" 200 6710
::1 - - [12/Nov/2018:09:42:35 +0300] "GET /735M/SVMzhelskiy/LAB2/background.png HTTP/1.1" 404 234
::1 - - [12/Nov/2018:09:42:35 +0300] "GET /735M/SVMzhelskiy/LAB2/block1.jpg HTTP/1.1" 404 230
::1 - - [12/Nov/2018:09:42:43 +0300] "GET /735M/SVMzhelskiy/LAB2/index.php HTTP/1.1" 200 6705
::1 - - [12/Nov/2018:09:42:44 +0300] "GET /735M/SVMzhelskiy/LAB2/background.png HTTP/1.1" 404 234
::1 - - [12/Nov/2018:09:42:44 +0300] "GET /735M/SVMzhelskiy/LAB2/block1.jpg HTTP/1.1" 404 230
::1 - - [12/Nov/2018:09:42:53 +0300] "GET /735M/SVMzhelskiy/LAB2/index.php HTTP/1.1" 200 6707
::1 - - [12/Nov/2018:09:42:54 +0300] "GET /735M/SVMzhelskiy/LAB2/background.png HTTP/1.1" 404 234
::1 - - [12/Nov/2018:09:42:54 +0300] "GET /735M/SVMzhelskiy/LAB2/block1.jpg HTTP/1.1" 404 230
::1 - - [12/Nov/2018:09:42:54 +0300] "GET /735M/SVMzhelskiy/LAB2/index.php HTTP/1.1" 200 6707
::1 - - [12/Nov/2018:09:43:55 +0300] "GET /735M/SVMzhelskiy/LAB2/index.php HTTP/1.1" 200 6710
::1 - - [12/Nov/2018:09:43:55 +0300] "GET /735M/SVMzhelskiy/LAB2/background.png HTTP/1.1" 404 234
::1 - - [12/Nov/2018:09:43:55 +0300] "GET /735M/SVMzhelskiy/LAB2/block1.jpg HTTP/1.1" 404 230
::1 - - [12/Nov/2018:09:43:57 +0300] "GET /735M/SVMzhelskiy/LAB2/index.php HTTP/1.1" 200 6710
::1 - - [12/Nov/2018:09:43:57 +0300] "GET /735M/SVMzhelskiy/LAB2/background.png HTTP/1.1" 404 234
::1 - - [12/Nov/2018:09:43:57 +0300] "GET /735M/SVMzhelskiy/LAB2/block1.jpg HTTP/1.1" 404 230
::1 - - [12/Nov/2018:09:44:13 +0300] "GET /735M/SVMzhelskiy/LAB2/index.php HTTP/1.1" 200 6710
::1 - - [12/Nov/2018:09:44:13 +0300] "GET /735M/SVMzhelskiy/LAB2/background.png HTTP/1.1" 404 234
::1 - - [12/Nov/2018:09:44:13 +0300] "GET /735M/SVMzhelskiy/LAB2/block1.jpg HTTP/1.1" 404 230
127.0.0.1 - - [12/Nov/2018:09:45:28 +0300] "GET /test.php HTTP/1.1" 200 62671
127.0.0.1 - - [12/Nov/2018:09:45:28 +0300] "GET /test.php?=PHPE9568F34-D428-11d2-A769-00AA001ACF42 HTTP/1.1" 200 2524
127.0.0.1 - - [12/Nov/2018:09:45:28 +0300] "GET /test.php?=PHPE9568F35-D428-11d2-A769-00AA001ACF42 HTTP/1.1" 200 2146
::1 - - [12/Nov/2018:09:47:47 +0300] "GET /735M/SVMzhelskiy/LAB2/index.php HTTP/1.1" 200 6707
::1 - - [12/Nov/2018:09:47:47 +0300] "GET /735M/SVMzhelskiy/LAB2/background.png HTTP/1.1" 404 234
::1 - - [12/Nov/2018:09:47:47 +0300] "GET /735M/SVMzhelskiy/LAB2/block1.jpg HTTP/1.1" 404 230
::1 - - [12/Nov/2018:09:47:49 +0300] "GET /735M/SVMzhelskiy/LAB2/index.php HTTP/1.1" 200 6707
::1 - - [12/Nov/2018:09:47:49 +0300] "GET /735M/SVMzhelskiy/LAB2/background.png HTTP/1.1" 404 234
::1 - - [12/Nov/2018:09:47:49 +0300] "GET /735M/SVMzhelskiy/LAB2/block1.jpg HTTP/1.1" 404 230
::1 - - [12/Nov/2018:09:48:19 +0300] "GET /735M/SVMzhelskiy/LAB2/index.php HTTP/1.1" 200 6709
::1 - - [12/Nov/2018:09:48:19 +0300] "GET /735M/SVMzhelskiy/LAB2/background.png HTTP/1.1" 404 234
::1 - - [12/Nov/2018:09:48:19 +0300] "GET /735M/SVMzhelskiy/LAB2/block1.jpg HTTP/1.1" 404 230
::1 - - [12/Nov/2018:09:48:20 +0300] "GET /735M/SVMzhelskiy/LAB2/index.php HTTP/1.1" 200 6709
::1 - - [12/Nov/2018:09:48:20 +0300] "GET /735M/SVMzhelskiy/LAB2/background.png HTTP/1.1" 404 234
::1 - - [12/Nov/2018:09:48:20 +0300] "GET /735M/SVMzhelskiy/LAB2/block1.jpg HTTP/1.1" 404 230
::1 - - [12/Nov/2018:09:48:32 +0300] "GET /735M/SVMzhelskiy/LAB2/index.php HTTP/1.1" 200 6709
::1 - - [12/Nov/2018:09:48:32 +0300] "GET /735M/SVMzhelskiy/LAB2/background.png HTTP/1.1" 404 234
::1 - - [12/Nov/2018:09:48:32 +0300] "GET /735M/SVMzhelskiy/LAB2/block1.jpg HTTP/1.1" 404 230
::1 - - [12/Nov/2018:09:49:26 +0300] "GET /735M/SVMzhelskiy/LAB2/index.php HTTP/1.1" 200 6710
::1 - - [12/Nov/2018:09:49:26 +0300] "GET /735M/SVMzhelskiy/LAB2/background.png HTTP/1.1" 404 234
::1 - - [12/Nov/2018:09:49:26 +0300] "GET /735M/SVMzhelskiy/LAB2/block1.jpg HTTP/1.1" 404 230
::1 - - [12/Nov/2018:09:50:34 +0300] "GET /735M/SVMzhelskiy/LAB2/index.php HTTP/1.1" 200 6994
::1 - - [12/Nov/2018:09:50:34 +0300] "GET /735M/SVMzhelskiy/LAB2/background.png HTTP/1.1" 404 234
::1 - - [12/Nov/2018:09:50:34 +0300] "GET /735M/SVMzhelskiy/LAB2/block1.jpg HTTP/1.1" 404 230
::1 - - [12/Nov/2018:09:50:38 +0300] "GET /735M/SVMzhelskiy/LAB2/index.php HTTP/1.1" 200 6994
::1 - - [12/Nov/2018:09:50:38 +0300] "GET /735M/SVMzhelskiy/LAB2/background.png HTTP/1.1" 404 234
::1 - - [12/Nov/2018:09:50:38 +0300] "GET /735M/SVMzhelskiy/LAB2/block1.jpg HTTP/1.1" 404 230
::1 - - [12/Nov/2018:09:51:46 +0300] "GET /735M/SVMzhelskiy/LAB2/index.php HTTP/1.1" 200 6992
::1 - - [12/Nov/2018:09:51:46 +0300] "GET /735M/SVMzhelskiy/LAB2/background.png HTTP/1.1" 404 234
::1 - - [12/Nov/2018:09:51:46 +0300] "GET /735M/SVMzhelskiy/LAB2/block1.jpg HTTP/1.1" 404 230
::1 - - [12/Nov/2018:09:51:48 +0300] "GET /735M/SVMzhelskiy/LAB2/index.php HTTP/1.1" 200 6992
::1 - - [12/Nov/2018:09:51:48 +0300] "GET /735M/SVMzhelskiy/LAB2/background.png HTTP/1.1" 404 234
::1 - - [12/Nov/2018:09:51:48 +0300] "GET /735M/SVMzhelskiy/LAB2/block1.jpg HTTP/1.1" 404 230
::1 - - [12/Nov/2018:09:52:32 +0300] "GET /735M/SVMzhelskiy/LAB2/index.php HTTP/1.1" 200 6549
::1 - - [12/Nov/2018:09:52:32 +0300] "GET /735M/SVMzhelskiy/LAB2/background.png HTTP/1.1" 404 234
::1 - - [12/Nov/2018:09:52:42 +0300] "GET /735M/SVMzhelskiy/LAB2/index.php HTTP/1.1" 200 6993
::1 - - [12/Nov/2018:09:52:42 +0300] "GET /735M/SVMzhelskiy/LAB2/background.png HTTP/1.1" 404 234
::1 - - [12/Nov/2018:09:52:42 +0300] "GET /735M/SVMzhelskiy/LAB2/block1.jpg HTTP/1.1" 404 230
::1 - - [12/Nov/2018:09:55:30 +0300] "GET /735M/SVMzhelskiy/LAB2/index.php HTTP/1.1" 200 7017
::1 - - [12/Nov/2018:09:55:30 +0300] "GET /735M/SVMzhelskiy/LAB2/background.png HTTP/1.1" 404 234
::1 - - [12/Nov/2018:09:55:30 +0300] "GET /735M/SVMzhelskiy/LAB2/block1.jpg HTTP/1.1" 404 230
::1 - - [12/Nov/2018:09:55:44 +0300] "GET /735M/SVMzhelskiy/LAB2/index.php HTTP/1.1" 200 7019
::1 - - [12/Nov/2018:09:55:44 +0300] "GET /735M/SVMzhelskiy/LAB2/background.png HTTP/1.1" 404 234
::1 - - [12/Nov/2018:09:55:44 +0300] "GET /735M/SVMzhelskiy/LAB2/block1.jpg HTTP/1.1" 404 230
::1 - - [12/Nov/2018:09:56:11 +0300] "GET /735M/SVMzhelskiy/LAB2/index.php HTTP/1.1" 200 6995
::1 - - [12/Nov/2018:09:56:11 +0300] "GET /735M/SVMzhelskiy/LAB2/background.png HTTP/1.1" 404 234
::1 - - [12/Nov/2018:09:56:11 +0300] "GET /735M/SVMzhelskiy/LAB2/block1.jpg HTTP/1.1" 404 230
::1 - - [12/Nov/2018:09:56:12 +0300] "GET /735M/SVMzhelskiy/LAB2/index.php HTTP/1.1" 200 6995
::1 - - [12/Nov/2018:09:56:12 +0300] "GET /735M/SVMzhelskiy/LAB2/background.png HTTP/1.1" 404 234
::1 - - [12/Nov/2018:09:56:12 +0300] "GET /735M/SVMzhelskiy/LAB2/block1.jpg HTTP/1.1" 404 230
::1 - - [12/Nov/2018:09:56:49 +0300] "GET /735M/SVMzhelskiy/LAB2/index.php HTTP/1.1" 200 6994
::1 - - [12/Nov/2018:09:56:49 +0300] "GET /735M/SVMzhelskiy/LAB2/background.png HTTP/1.1" 404 234
::1 - - [12/Nov/2018:09:56:49 +0300] "GET /735M/SVMzhelskiy/LAB2/block1.jpg HTTP/1.1" 404 230
::1 - - [12/Nov/2018:09:56:51 +0300] "GET /735M/SVMzhelskiy/LAB2/index.php HTTP/1.1" 200 6994
::1 - - [12/Nov/2018:09:56:51 +0300] "GET /735M/SVMzhelskiy/LAB2/background.png HTTP/1.1" 404 234
::1 - - [12/Nov/2018:09:56:51 +0300] "GET /735M/SVMzhelskiy/LAB2/block1.jpg HTTP/1.1" 404 230
::1 - - [12/Nov/2018:09:57:36 +0300] "GET /735M/SVMzhelskiy/LAB2/index.php HTTP/1.1" 200 7502
::1 - - [12/Nov/2018:09:57:36 +0300] "GET /735M/SVMzhelskiy/LAB2/background.png HTTP/1.1" 404 234
::1 - - [12/Nov/2018:09:57:36 +0300] "GET /735M/SVMzhelskiy/LAB2/block1.jpg HTTP/1.1" 404 230
::1 - - [12/Nov/2018:09:58:13 +0300] "GET /735M/SVMzhelskiy/LAB2/index.php HTTP/1.1" 200 7506
::1 - - [12/Nov/2018:09:58:13 +0300] "GET /735M/SVMzhelskiy/LAB2/background.png HTTP/1.1" 404 234
::1 - - [12/Nov/2018:09:58:13 +0300] "GET /735M/SVMzhelskiy/LAB2/block1.jpg HTTP/1.1" 404 230
::1 - - [12/Nov/2018:09:58:58 +0300] "GET /735M/SVMzhelskiy/LAB2/function.date HTTP/1.1" 404 233
::1 - - [12/Nov/2018:09:59:22 +0300] "GET /735M/SVMzhelskiy/LAB2/index.php HTTP/1.1" 200 7248
::1 - - [12/Nov/2018:09:59:22 +0300] "GET /735M/SVMzhelskiy/LAB2/background.png HTTP/1.1" 404 234
::1 - - [12/Nov/2018:09:59:22 +0300] "GET /735M/SVMzhelskiy/LAB2/block1.jpg HTTP/1.1" 404 230
::1 - - [12/Nov/2018:09:59:40 +0300] "GET /735M/SVMzhelskiy/LAB2/index.php HTTP/1.1" 200 7162
::1 - - [12/Nov/2018:09:59:40 +0300] "GET /735M/SVMzhelskiy/LAB2/background.png HTTP/1.1" 404 234
::1 - - [12/Nov/2018:09:59:40 +0300] "GET /735M/SVMzhelskiy/LAB2/block1.jpg HTTP/1.1" 404 230
::1 - - [12/Nov/2018:10:00:15 +0300] "GET /735M/SVMzhelskiy/LAB2/index.php HTTP/1.1" 200 6994
::1 - - [12/Nov/2018:10:00:15 +0300] "GET /735M/SVMzhelskiy/LAB2/background.png HTTP/1.1" 404 234
::1 - - [12/Nov/2018:10:00:15 +0300] "GET /735M/SVMzhelskiy/LAB2/block1.jpg HTTP/1.1" 404 230
::1 - - [12/Nov/2018:10:02:08 +0300] "GET /735M/SVMzhelskiy/LAB2/index.php HTTP/1.1" 200 7143
::1 - - [12/Nov/2018:10:02:08 +0300] "GET /735M/SVMzhelskiy/LAB2/background.png HTTP/1.1" 404 234
::1 - - [12/Nov/2018:10:02:08 +0300] "GET /735M/SVMzhelskiy/LAB2/block1.jpg HTTP/1.1" 404 230
::1 - - [12/Nov/2018:10:02:37 +0300] "GET /735M/SVMzhelskiy/LAB2/index.php HTTP/1.1" 200 7022
::1 - - [12/Nov/2018:10:02:37 +0300] "GET /735M/SVMzhelskiy/LAB2/background.png HTTP/1.1" 404 234
::1 - - [12/Nov/2018:10:02:37 +0300] "GET /735M/SVMzhelskiy/LAB2/block1.jpg HTTP/1.1" 404 230
::1 - - [12/Nov/2018:10:03:32 +0300] "GET /735M/SVMzhelskiy/LAB2/index.php HTTP/1.1" 200 7022
::1 - - [12/Nov/2018:10:03:32 +0300] "GET /735M/SVMzhelskiy/LAB2/background.png HTTP/1.1" 404 234
::1 - - [12/Nov/2018:10:03:32 +0300] "GET /735M/SVMzhelskiy/LAB2/block1.jpg HTTP/1.1" 404 230
::1 - - [12/Nov/2018:10:04:51 +0300] "GET /735M/SVMzhelskiy/LAB2/index.php HTTP/1.1" 200 7018
::1 - - [12/Nov/2018:10:04:51 +0300] "GET /735M/SVMzhelskiy/LAB2/background.png HTTP/1.1" 404 234
::1 - - [12/Nov/2018:10:04:51 +0300] "GET /735M/SVMzhelskiy/LAB2/block1.jpg HTTP/1.1" 404 230
::1 - - [12/Nov/2018:10:05:11 +0300] "GET /735M/SVMzhelskiy/LAB2/index.php HTTP/1.1" 200 6994
::1 - - [12/Nov/2018:10:05:11 +0300] "GET /735M/SVMzhelskiy/LAB2/background.png HTTP/1.1" 404 234
::1 - - [12/Nov/2018:10:05:11 +0300] "GET /735M/SVMzhelskiy/LAB2/block1.jpg HTTP/1.1" 404 230
::1 - - [12/Nov/2018:10:05:23 +0300] "GET /735M/SVMzhelskiy/LAB2/index.php HTTP/1.1" 200 7762
::1 - - [12/Nov/2018:10:05:23 +0300] "GET /735M/SVMzhelskiy/LAB2/background.png HTTP/1.1" 404 234
::1 - - [12/Nov/2018:10:05:23 +0300] "GET /735M/SVMzhelskiy/LAB2/block1.jpg HTTP/1.1" 404 230
::1 - - [12/Nov/2018:10:05:35 +0300] "GET /735M/SVMzhelskiy/LAB2/index.php HTTP/1.1" 200 7018
::1 - - [12/Nov/2018:10:05:35 +0300] "GET /735M/SVMzhelskiy/LAB2/background.png HTTP/1.1" 404 234
::1 - - [12/Nov/2018:10:05:35 +0300] "GET /735M/SVMzhelskiy/LAB2/block1.jpg HTTP/1.1" 404 230
::1 - - [12/Nov/2018:10:06:17 +0300] "GET /735M/SVMzhelskiy/LAB2/index.php HTTP/1.1" 200 7019
::1 - - [12/Nov/2018:10:06:17 +0300] "GET /735M/SVMzhelskiy/LAB2/background.png HTTP/1.1" 404 234
::1 - - [12/Nov/2018:10:06:17 +0300] "GET /735M/SVMzhelskiy/LAB2/block1.jpg HTTP/1.1" 404 230
::1 - - [12/Nov/2018:10:06:30 +0300] "GET /735M/SVMzhelskiy/LAB2/index.php HTTP/1.1" 200 7171
::1 - - [12/Nov/2018:10:06:31 +0300] "GET /735M/SVMzhelskiy/LAB2/background.png HTTP/1.1" 404 234
::1 - - [12/Nov/2018:10:06:31 +0300] "GET /735M/SVMzhelskiy/LAB2/block1.jpg HTTP/1.1" 404 230
::1 - - [12/Nov/2018:10:15:53 +0300] "GET /735M/SVMzhelskiy/LAB2/index.php HTTP/1.1" 200 68682
::1 - - [12/Nov/2018:10:15:53 +0300] "GET /735M/SVMzhelskiy/LAB2/index.php?=PHPE9568F34-D428-11d2-A769-00AA001ACF42 HTTP/1.1" 200 2524
::1 - - [12/Nov/2018:10:15:53 +0300] "GET /735M/SVMzhelskiy/LAB2/index.php?=PHPE9568F35-D428-11d2-A769-00AA001ACF42 HTTP/1.1" 200 2146
::1 - - [12/Nov/2018:10:15:53 +0300] "GET /735M/SVMzhelskiy/LAB2/background.png HTTP/1.1" 404 234
::1 - - [12/Nov/2018:10:15:53 +0300] "GET /735M/SVMzhelskiy/LAB2/block1.jpg HTTP/1.1" 404 230
::1 - - [12/Nov/2018:10:17:01 +0300] "GET /735M/SVMzhelskiy/LAB2/index.php HTTP/1.1" 200 11702
::1 - - [12/Nov/2018:10:17:01 +0300] "GET /735M/SVMzhelskiy/LAB2/index.php?=PHPE9568F34-D428-11d2-A769-00AA001ACF42 HTTP/1.1" 200 2524
::1 - - [12/Nov/2018:10:17:01 +0300] "GET /735M/SVMzhelskiy/LAB2/index.php?=PHPE9568F35-D428-11d2-A769-00AA001ACF42 HTTP/1.1" 200 2146
::1 - - [12/Nov/2018:10:17:01 +0300] "GET /735M/SVMzhelskiy/LAB2/background.png HTTP/1.1" 404 234
::1 - - [12/Nov/2018:10:17:01 +0300] "GET /735M/SVMzhelskiy/LAB2/block1.jpg HTTP/1.1" 404 230
::1 - - [12/Nov/2018:10:21:32 +0300] "GET /735M/SVMzhelskiy/LAB2/index.php HTTP/1.1" 200 7019
::1 - - [12/Nov/2018:10:21:32 +0300] "GET /735M/SVMzhelskiy/LAB2/background.png HTTP/1.1" 404 234
::1 - - [12/Nov/2018:10:21:32 +0300] "GET /735M/SVMzhelskiy/LAB2/block1.jpg HTTP/1.1" 404 230
::1 - - [12/Nov/2018:10:21:42 +0300] "GET /735M/SVMzhelskiy/LAB2/index.php HTTP/1.1" 200 7019
::1 - - [12/Nov/2018:10:21:42 +0300] "GET /735M/SVMzhelskiy/LAB2/background.png HTTP/1.1" 404 234
::1 - - [12/Nov/2018:10:21:42 +0300] "GET /735M/SVMzhelskiy/LAB2/block1.jpg HTTP/1.1" 404 230
::1 - - [12/Nov/2018:10:22:52 +0300] "GET /735M/SVMzhelskiy/LAB2/index.php HTTP/1.1" 200 7057
::1 - - [12/Nov/2018:10:22:52 +0300] "GET /735M/SVMzhelskiy/LAB2/background.png HTTP/1.1" 404 234
::1 - - [12/Nov/2018:10:22:52 +0300] "GET /735M/SVMzhelskiy/LAB2/block1.jpg HTTP/1.1" 404 230
::1 - - [12/Nov/2018:10:27:39 +0300] "GET / HTTP/1.1" 200 371
::1 - - [12/Nov/2018:10:28:42 +0300] "GET /test.php HTTP/1.1" 200 61567
::1 - - [12/Nov/2018:10:28:42 +0300] "GET /test.php?=PHPE9568F34-D428-11d2-A769-00AA001ACF42 HTTP/1.1" 200 2524
::1 - - [12/Nov/2018:10:28:42 +0300] "GET /test.php?=PHPE9568F35-D428-11d2-A769-00AA001ACF42 HTTP/1.1" 200 2146
::1 - - [12/Nov/2018:10:33:01 +0300] "GET / HTTP/1.1" 200 371
::1 - - [12/Nov/2018:10:33:03 +0300] "GET /735M/ HTTP/1.1" 200 262
::1 - - [12/Nov/2018:10:33:03 +0300] "GET / HTTP/1.1" 200 371
::1 - - [12/Nov/2018:10:33:04 +0300] "GET /735M/ HTTP/1.1" 200 262
::1 - - [12/Nov/2018:10:33:05 +0300] "GET /735M/SVMzhelskiy/ HTTP/1.1" 200 277
::1 - - [12/Nov/2018:10:33:05 +0300] "GET /735M/SVMzhelskiy/LAB2/ HTTP/1.1" 200 7057
::1 - - [12/Nov/2018:10:33:06 +0300] "GET /735M/SVMzhelskiy/LAB2/background.png HTTP/1.1" 404 234
::1 - - [12/Nov/2018:10:33:06 +0300] "GET /735M/SVMzhelskiy/LAB2/block1.jpg HTTP/1.1" 404 230
::1 - - [12/Nov/2018:10:50:32 +0300] "GET /test.php HTTP/1.1" 200 61567
::1 - - [12/Nov/2018:10:50:32 +0300] "GET /test.php?=PHPE9568F34-D428-11d2-A769-00AA001ACF42 HTTP/1.1" 200 2524
::1 - - [12/Nov/2018:10:50:32 +0300] "GET /test.php?=PHPE9568F35-D428-11d2-A769-00AA001ACF42 HTTP/1.1" 200 2146
::1 - - [12/Nov/2018:11:03:24 +0300] "GET /735M/SVMzhelskiy/LAB2/ HTTP/1.1" 200 7057
::1 - - [12/Nov/2018:11:03:24 +0300] "GET /735M/SVMzhelskiy/LAB2/background.png HTTP/1.1" 404 234
::1 - - [12/Nov/2018:11:03:24 +0300] "GET /735M/SVMzhelskiy/LAB2/block1.jpg HTTP/1.1" 404 230
::1 - - [13/Nov/2018:12:29:23 +0300] "GET / HTTP/1.1" 200 371
::1 - - [13/Nov/2018:12:29:23 +0300] "GET /favicon.ico HTTP/1.1" 404 209
::1 - - [13/Nov/2018:12:29:24 +0300] "GET /735M/ HTTP/1.1" 200 262
::1 - - [13/Nov/2018:12:29:25 +0300] "GET /735M/SVMzhelskiy/ HTTP/1.1" 200 277
::1 - - [13/Nov/2018:12:29:26 +0300] "GET /735M/SVMzhelskiy/LAB2/ HTTP/1.1" 200 7228
::1 - - [13/Nov/2018:12:29:26 +0300] "GET /735M/SVMzhelskiy/LAB2/background.png HTTP/1.1" 404 234
::1 - - [13/Nov/2018:12:29:26 +0300] "GET /735M/SVMzhelskiy/LAB2/block1.jpg HTTP/1.1" 404 230
::1 - - [13/Nov/2018:12:29:27 +0300] "GET /735M/SVMzhelskiy/LAB2/index.php HTTP/1.1" 200 7228
::1 - - [13/Nov/2018:12:29:44 +0300] "GET /735M/SVMzhelskiy/LAB2/index.php HTTP/1.1" 200 6893
::1 - - [13/Nov/2018:12:32:53 +0300] "GET /735M/SVMzhelskiy/LAB2/index.php HTTP/1.1" 200 7233
::1 - - [13/Nov/2018:12:32:53 +0300] "GET /735M/SVMzhelskiy/LAB2/background.png HTTP/1.1" 404 234
::1 - - [13/Nov/2018:12:32:53 +0300] "GET /735M/SVMzhelskiy/LAB2/block1.jpg HTTP/1.1" 404 230
::1 - - [13/Nov/2018:12:34:59 +0300] "GET /735M/SVMzhelskiy/LAB2/index.php HTTP/1.1" 200 7410
::1 - - [13/Nov/2018:12:34:59 +0300] "GET /735M/SVMzhelskiy/LAB2/background.png HTTP/1.1" 404 234
::1 - - [13/Nov/2018:12:34:59 +0300] "GET /735M/SVMzhelskiy/LAB2/block1.jpg HTTP/1.1" 404 230
::1 - - [13/Nov/2018:12:35:25 +0300] "GET /735M/SVMzhelskiy/LAB2/lab_rab1.php HTTP/1.1" 404 232
::1 - - [13/Nov/2018:12:35:27 +0300] "GET /735M/SVMzhelskiy/LAB2/lab_rab2.php HTTP/1.1" 404 232
::1 - - [13/Nov/2018:12:35:30 +0300] "GET /735M/SVMzhelskiy/LAB2/index.php HTTP/1.1" 200 7410
::1 - - [13/Nov/2018:12:35:31 +0300] "GET /735M/SVMzhelskiy/LAB2/index.php HTTP/1.1" 200 7410
::1 - - [13/Nov/2018:12:35:42 +0300] "GET /735M/SVMzhelskiy/LAB2/index.php HTTP/1.1" 200 7412
::1 - - [13/Nov/2018:12:35:43 +0300] "GET /735M/SVMzhelskiy/LAB2/lab_rab1.html HTTP/1.1" 200 4024
::1 - - [13/Nov/2018:12:35:43 +0300] "GET /735M/SVMzhelskiy/LAB2/style_form.css HTTP/1.1" 200 794
::1 - - [13/Nov/2018:12:35:46 +0300] "GET /735M/SVMzhelskiy/LAB2/index.html?date=%D0%B4%D0%B4.%D0%BC%D0%BC.%D0%B3%D0%B3. HTTP/1.1" 404 230
::1 - - [13/Nov/2018:12:36:44 +0300] "GET /735M/SVMzhelskiy/LAB2/lab_rab1.html HTTP/1.1" 404 233
::1 - - [13/Nov/2018:12:36:47 +0300] "GET /735M/SVMzhelskiy/LAB2/lab_rab1.html HTTP/1.1" 404 233
::1 - - [13/Nov/2018:12:37:06 +0300] "GET /735M/SVMzhelskiy/LAB2/lab_rab1.html HTTP/1.1" 404 233
::1 - - [13/Nov/2018:12:37:10 +0300] "GET /735M/SVMzhelskiy/LAB2/ HTTP/1.1" 200 7409
::1 - - [13/Nov/2018:12:37:10 +0300] "GET /735M/SVMzhelskiy/LAB2/background.png HTTP/1.1" 404 234
::1 - - [13/Nov/2018:12:37:10 +0300] "GET /735M/SVMzhelskiy/LAB2/block1.jpg HTTP/1.1" 404 230
::1 - - [13/Nov/2018:12:37:12 +0300] "GET /735M/SVMzhelskiy/LAB2/index.php HTTP/1.1" 200 7409
::1 - - [13/Nov/2018:12:37:12 +0300] "GET /735M/SVMzhelskiy/LAB2/background.png HTTP/1.1" 404 234
::1 - - [13/Nov/2018:12:37:12 +0300] "GET /735M/SVMzhelskiy/LAB2/block1.jpg HTTP/1.1" 404 230
::1 - - [13/Nov/2018:12:37:13 +0300] "GET /735M/SVMzhelskiy/LAB2/lab_rab1.php HTTP/1.1" 200 4023
::1 - - [13/Nov/2018:12:37:15 +0300] "GET /735M/SVMzhelskiy/LAB2/index.php?date=%D0%B4%D0%B4.%D0%BC%D0%BC.%D0%B3%D0%B3. HTTP/1.1" 200 7409
::1 - - [13/Nov/2018:12:37:15 +0300] "GET /735M/SVMzhelskiy/LAB2/background.png HTTP/1.1" 404 234
::1 - - [13/Nov/2018:12:37:15 +0300] "GET /735M/SVMzhelskiy/LAB2/block1.jpg HTTP/1.1" 404 230
::1 - - [13/Nov/2018:12:37:16 +0300] "GET /735M/SVMzhelskiy/LAB2/lab_rab2.php HTTP/1.1" 404 232
::1 - - [13/Nov/2018:12:39:20 +0300] "GET /735M/SVMzhelskiy/LAB2/index.php?date=%D0%B4%D0%B4.%D0%BC%D0%BC.%D0%B3%D0%B3. HTTP/1.1" 200 7279
::1 - - [13/Nov/2018:12:39:20 +0300] "GET /735M/SVMzhelskiy/LAB2/background.png HTTP/1.1" 404 234
::1 - - [13/Nov/2018:12:39:20 +0300] "GET /735M/SVMzhelskiy/LAB2/block1.jpg HTTP/1.1" 404 230
::1 - - [13/Nov/2018:12:39:23 +0300] "GET /735M/SVMzhelskiy/LAB2/index.php HTTP/1.1" 200 7279
::1 - - [13/Nov/2018:12:39:23 +0300] "GET /735M/SVMzhelskiy/LAB2/background.png HTTP/1.1" 404 234
::1 - - [13/Nov/2018:12:39:23 +0300] "GET /735M/SVMzhelskiy/LAB2/block1.jpg HTTP/1.1" 404 230
::1 - - [13/Nov/2018:12:39:24 +0300] "GET /735M/SVMzhelskiy/LAB2/lab_rab1.php HTTP/1.1" 200 4023
::1 - - [13/Nov/2018:12:40:15 +0300] "GET /735M/SVMzhelskiy/LAB2/index.php HTTP/1.1" 200 139
::1 - - [13/Nov/2018:12:40:36 +0300] "GET /735M/SVMzhelskiy/LAB2/index.php HTTP/1.1" 200 7110
::1 - - [13/Nov/2018:12:40:36 +0300] "GET /735M/SVMzhelskiy/LAB2/background.png HTTP/1.1" 404 234
::1 - - [13/Nov/2018:12:40:36 +0300] "GET /735M/SVMzhelskiy/LAB2/block1.jpg HTTP/1.1" 404 230
::1 - - [13/Nov/2018:12:40:39 +0300] "GET /735M/SVMzhelskiy/LAB2/index.php HTTP/1.1" 200 7110
::1 - - [13/Nov/2018:12:40:39 +0300] "GET /735M/SVMzhelskiy/LAB2/background.png HTTP/1.1" 404 234
::1 - - [13/Nov/2018:12:40:39 +0300] "GET /735M/SVMzhelskiy/LAB2/block1.jpg HTTP/1.1" 404 230
::1 - - [13/Nov/2018:12:40:39 +0300] "GET /735M/SVMzhelskiy/LAB2/lab_rab1.php HTTP/1.1" 200 4023
::1 - - [13/Nov/2018:12:41:02 +0300] "GET /735M/SVMzhelskiy/LAB2/lab_rab1.php HTTP/1.1" 200 4023
::1 - - [13/Nov/2018:12:41:03 +0300] "GET /735M/SVMzhelskiy/LAB2/index.php?date=%D0%B4%D0%B4.%D0%BC%D0%BC.%D0%B3%D0%B3. HTTP/1.1" 200 7109
::1 - - [13/Nov/2018:12:41:03 +0300] "GET /735M/SVMzhelskiy/LAB2/background.png HTTP/1.1" 404 234
::1 - - [13/Nov/2018:12:41:03 +0300] "GET /735M/SVMzhelskiy/LAB2/block1.jpg HTTP/1.1" 404 230
::1 - - [13/Nov/2018:12:41:04 +0300] "GET /735M/SVMzhelskiy/LAB2/index.php?date=%D0%B4%D0%B4.%D0%BC%D0%BC.%D0%B3%D0%B3. HTTP/1.1" 200 7109
::1 - - [13/Nov/2018:12:41:04 +0300] "GET /735M/SVMzhelskiy/LAB2/background.png HTTP/1.1" 404 234
::1 - - [13/Nov/2018:12:41:04 +0300] "GET /735M/SVMzhelskiy/LAB2/block1.jpg HTTP/1.1" 404 230
::1 - - [13/Nov/2018:12:41:06 +0300] "GET /735M/SVMzhelskiy/LAB2/lab_rab1.php HTTP/1.1" 200 4023
::1 - - [13/Nov/2018:12:41:09 +0300] "GET /735M/SVMzhelskiy/LAB2/index.php?date=%D0%B4%D0%B4.%D0%BC%D0%BC.%D0%B3%D0%B3. HTTP/1.1" 200 7109
::1 - - [13/Nov/2018:12:41:09 +0300] "GET /735M/SVMzhelskiy/LAB2/background.png HTTP/1.1" 404 234
::1 - - [13/Nov/2018:12:41:09 +0300] "GET /735M/SVMzhelskiy/LAB2/block1.jpg HTTP/1.1" 404 230
::1 - - [13/Nov/2018:12:43:02 +0300] "GET /735M/SVMzhelskiy/LAB2/index.php?date=%D0%B4%D0%B4.%D0%BC%D0%BC.%D0%B3%D0%B3. HTTP/1.1" 200 7112
::1 - - [13/Nov/2018:12:43:03 +0300] "GET /735M/SVMzhelskiy/LAB2/background.png HTTP/1.1" 404 234
::1 - - [13/Nov/2018:12:43:03 +0300] "GET /735M/SVMzhelskiy/LAB2/block1.jpg HTTP/1.1" 404 230
::1 - - [13/Nov/2018:12:43:04 +0300] "GET /735M/SVMzhelskiy/LAB2/lab_rab1.html HTTP/1.1" 200 4023
::1 - - [13/Nov/2018:12:43:05 +0300] "GET /735M/SVMzhelskiy/LAB2/index.php?date=%D0%B4%D0%B4.%D0%BC%D0%BC.%D0%B3%D0%B3. HTTP/1.1" 200 7112
::1 - - [13/Nov/2018:12:43:05 +0300] "GET /735M/SVMzhelskiy/LAB2/background.png HTTP/1.1" 404 234
::1 - - [13/Nov/2018:12:43:05 +0300] "GET /735M/SVMzhelskiy/LAB2/block1.jpg HTTP/1.1" 404 230
::1 - - [13/Nov/2018:12:43:06 +0300] "GET /735M/SVMzhelskiy/LAB2/index.php HTTP/1.1" 200 7112
::1 - - [13/Nov/2018:12:43:06 +0300] "GET /735M/SVMzhelskiy/LAB2/background.png HTTP/1.1" 404 234
::1 - - [13/Nov/2018:12:43:06 +0300] "GET /735M/SVMzhelskiy/LAB2/block1.jpg HTTP/1.1" 404 230
::1 - - [13/Nov/2018:12:43:08 +0300] "GET /735M/SVMzhelskiy/LAB2/index.php?date=%D0%B4%D0%B4.%D0%BC%D0%BC.%D0%B3%D0%B3. HTTP/1.1" 200 7112
::1 - - [13/Nov/2018:12:43:08 +0300] "GET /735M/SVMzhelskiy/LAB2/background.png HTTP/1.1" 404 234
::1 - - [13/Nov/2018:12:43:08 +0300] "GET /735M/SVMzhelskiy/LAB2/block1.jpg HTTP/1.1" 404 230
::1 - - [13/Nov/2018:12:58:54 +0300] "GET /735M/SVMzhelskiy/LAB2/index.php?date=%D0%B4%D0%B4.%D0%BC%D0%BC.%D0%B3%D0%B3. HTTP/1.1" 200 7112
::1 - - [13/Nov/2018:12:58:54 +0300] "GET /735M/SVMzhelskiy/LAB2/background.png HTTP/1.1" 404 234
::1 - - [13/Nov/2018:12:58:54 +0300] "GET /735M/SVMzhelskiy/LAB2/block1.jpg HTTP/1.1" 404 230
::1 - - [13/Nov/2018:12:58:55 +0300] "GET /735M/SVMzhelskiy/LAB2/lab_rab2.php HTTP/1.1" 200 2
::1 - - [13/Nov/2018:13:01:26 +0300] "GET /735M/SVMzhelskiy/LAB2/lab_rab1.html HTTP/1.1" 304 -
::1 - - [13/Nov/2018:13:02:30 +0300] "GET /735M/SVMzhelskiy/LAB2/index.php?date=%D0%B4%D0%B4.%D0%BC%D0%BC.%D0%B3%D0%B3.&submit=submit HTTP/1.1" 200 7112
::1 - - [13/Nov/2018:13:02:30 +0300] "GET /735M/SVMzhelskiy/LAB2/background.png HTTP/1.1" 404 234
::1 - - [13/Nov/2018:13:02:30 +0300] "GET /735M/SVMzhelskiy/LAB2/block1.jpg HTTP/1.1" 404 230
::1 - - [13/Nov/2018:13:02:34 +0300] "GET /735M/SVMzhelskiy/LAB2/lab_rab2.php HTTP/1.1" 200 455
::1 - - [13/Nov/2018:13:02:37 +0300] "GET /735M/SVMzhelskiy/LAB2/lab_rab2.php HTTP/1.1" 200 498
::1 - - [13/Nov/2018:13:02:38 +0300] "GET /735M/SVMzhelskiy/LAB2/index.php? HTTP/1.1" 200 7112
::1 - - [13/Nov/2018:13:02:38 +0300] "GET /735M/SVMzhelskiy/LAB2/background.png HTTP/1.1" 404 234
::1 - - [13/Nov/2018:13:02:38 +0300] "GET /735M/SVMzhelskiy/LAB2/block1.jpg HTTP/1.1" 404 230
::1 - - [13/Nov/2018:13:03:59 +0300] "GET /735M/SVMzhelskiy/LAB2/lab_rab1.html HTTP/1.1" 304 -
::1 - - [13/Nov/2018:13:06:16 +0300] "GET /735M/SVMzhelskiy/LAB2/lab_rab1.html HTTP/1.1" 304 -
::1 - - [13/Nov/2018:13:06:17 +0300] "GET /735M/SVMzhelskiy/LAB2/index.php?date=%D0%B4%D0%B4.%D0%BC%D0%BC.%D0%B3%D0%B3. HTTP/1.1" 200 7112
::1 - - [13/Nov/2018:13:06:17 +0300] "GET /735M/SVMzhelskiy/LAB2/background.png HTTP/1.1" 404 234
::1 - - [13/Nov/2018:13:06:17 +0300] "GET /735M/SVMzhelskiy/LAB2/block1.jpg HTTP/1.1" 404 230
::1 - - [13/Nov/2018:13:06:18 +0300] "GET /735M/SVMzhelskiy/LAB2/lab_rab2.php HTTP/1.1" 200 654
::1 - - [13/Nov/2018:13:06:22 +0300] "GET /735M/SVMzhelskiy/LAB2/generatePassword? HTTP/1.1" 404 236
::1 - - [13/Nov/2018:13:07:39 +0300] "GET /735M/SVMzhelskiy/LAB2/lab_rab2.php HTTP/1.1" 200 617
::1 - - [13/Nov/2018:13:07:40 +0300] "GET /735M/SVMzhelskiy/LAB2/generatePassword? HTTP/1.1" 404 236
::1 - - [13/Nov/2018:13:07:42 +0300] "GET /735M/SVMzhelskiy/LAB2/lab_rab2.php HTTP/1.1" 200 617
::1 - - [13/Nov/2018:13:08:25 +0300] "GET /735M/SVMzhelskiy/LAB2/generatePassword? HTTP/1.1" 404 236
::1 - - [13/Nov/2018:13:13:34 +0300] "GET /735M/SVMzhelskiy/LAB2/lab_rab2.php HTTP/1.1" 200 618
::1 - - [13/Nov/2018:13:13:35 +0300] "GET /735M/SVMzhelskiy/LAB2/$generatePassword? HTTP/1.1" 404 237
::1 - - [13/Nov/2018:13:14:11 +0300] "GET /735M/SVMzhelskiy/LAB2/lab_rab2.php HTTP/1.1" 200 601
::1 - - [13/Nov/2018:13:14:12 +0300] "GET /735M/SVMzhelskiy/LAB2/lab_rab2.php? HTTP/1.1" 200 601
::1 - - [13/Nov/2018:13:14:12 +0300] "GET /735M/SVMzhelskiy/LAB2/lab_rab2.php? HTTP/1.1" 200 601
::1 - - [13/Nov/2018:13:14:31 +0300] "GET /735M/SVMzhelskiy/LAB2/lab_rab2.php? HTTP/1.1" 200 601
::1 - - [13/Nov/2018:13:15:04 +0300] "GET /735M/SVMzhelskiy/LAB2/lab_rab2.php? HTTP/1.1" 200 143
::1 - - [13/Nov/2018:13:15:15 +0300] "GET /735M/SVMzhelskiy/LAB2/lab_rab2.php? HTTP/1.1" 200 601
::1 - - [13/Nov/2018:13:15:17 +0300] "GET /735M/SVMzhelskiy/LAB2/lab_rab2.php? HTTP/1.1" 200 601
::1 - - [13/Nov/2018:13:15:58 +0300] "GET /735M/SVMzhelskiy/LAB2/lab_rab2.php? HTTP/1.1" 200 593
::1 - - [13/Nov/2018:13:16:00 +0300] "GET /735M/SVMzhelskiy/LAB2/lab_rab2.php? HTTP/1.1" 200 593
::1 - - [13/Nov/2018:13:16:01 +0300] "GET /735M/SVMzhelskiy/LAB2/lab_rab2.php? HTTP/1.1" 200 593
::1 - - [13/Nov/2018:13:16:31 +0300] "GET /735M/SVMzhelskiy/LAB2/lab_rab2.php? HTTP/1.1" 200 604
::1 - - [13/Nov/2018:13:17:37 +0300] "GET /735M/SVMzhelskiy/LAB2/lab_rab2.php? HTTP/1.1" 200 605
::1 - - [13/Nov/2018:13:17:52 +0300] "GET /735M/SVMzhelskiy/LAB2/lab_rab2.php? HTTP/1.1" 200 605
::1 - - [13/Nov/2018:13:19:00 +0300] "GET /735M/SVMzhelskiy/LAB2/lab_rab2.php? HTTP/1.1" 200 600
::1 - - [13/Nov/2018:13:21:00 +0300] "GET /735M/SVMzhelskiy/LAB2/lab_rab2.php? HTTP/1.1" 200 600
::1 - - [13/Nov/2018:13:21:21 +0300] "GET /735M/SVMzhelskiy/LAB2/lab_rab2.php? HTTP/1.1" 200 608
::1 - - [13/Nov/2018:13:22:02 +0300] "GET /735M/SVMzhelskiy/LAB2/lab_rab2.php? HTTP/1.1" 200 651
::1 - - [13/Nov/2018:13:23:26 +0300] "GET /735M/SVMzhelskiy/LAB2/lab_rab2.php? HTTP/1.1" 200 651
::1 - - [13/Nov/2018:13:24:03 +0300] "GET /735M/SVMzhelskiy/LAB2/lab_rab2.php? HTTP/1.1" 200 658
::1 - - [13/Nov/2018:13:24:56 +0300] "GET /735M/SVMzhelskiy/LAB2/lab_rab2.php? HTTP/1.1" 200 658
::1 - - [13/Nov/2018:13:25:15 +0300] "GET /735M/SVMzhelskiy/LAB2/lab_rab2.php? HTTP/1.1" 200 658
::1 - - [13/Nov/2018:13:25:33 +0300] "GET /735M/SVMzhelskiy/LAB2/lab_rab2.php? HTTP/1.1" 200 658
::1 - - [13/Nov/2018:13:26:13 +0300] "GET /735M/SVMzhelskiy/LAB2/lab_rab2.php? HTTP/1.1" 200 656
::1 - - [13/Nov/2018:13:30:39 +0300] "GET /735M/SVMzhelskiy/LAB2/lab_rab2.php? HTTP/1.1" 200 655
::1 - - [13/Nov/2018:13:30:57 +0300] "GET /735M/SVMzhelskiy/LAB2/lab_rab2.php? HTTP/1.1" 200 656
::1 - - [13/Nov/2018:13:48:55 +0300] "GET /735M/SVMzhelskiy/LAB2/lab_rab2.php? HTTP/1.1" 200 501
::1 - - [13/Nov/2018:13:48:57 +0300] "GET /735M/SVMzhelskiy/LAB2/lab_rab2.php? HTTP/1.1" 200 501
::1 - - [13/Nov/2018:13:49:18 +0300] "GET /735M/SVMzhelskiy/LAB2/lab_rab2.php? HTTP/1.1" 200 141
::1 - - [13/Nov/2018:13:49:50 +0300] "GET /735M/SVMzhelskiy/LAB2/lab_rab2.php? HTTP/1.1" 200 141
::1 - - [13/Nov/2018:13:49:51 +0300] "GET /735M/SVMzhelskiy/LAB2/lab_rab2.php? HTTP/1.1" 200 141
::1 - - [13/Nov/2018:13:50:09 +0300] "GET /735M/SVMzhelskiy/LAB2/lab_rab2.php? HTTP/1.1" 200 552
::1 - - [14/Nov/2018:17:21:36 +0300] "GET / HTTP/1.1" 200 371
::1 - - [14/Nov/2018:17:21:36 +0300] "GET /favicon.ico HTTP/1.1" 404 209
::1 - - [14/Nov/2018:17:21:38 +0300] "GET /735M/ HTTP/1.1" 200 262
::1 - - [14/Nov/2018:17:21:38 +0300] "GET /735M/SVMzhelskiy/ HTTP/1.1" 200 277
::1 - - [14/Nov/2018:17:21:39 +0300] "GET /735M/SVMzhelskiy/LAB2/ HTTP/1.1" 200 7112
::1 - - [14/Nov/2018:17:21:39 +0300] "GET /735M/SVMzhelskiy/LAB2/background.png HTTP/1.1" 404 234
::1 - - [14/Nov/2018:17:21:39 +0300] "GET /735M/SVMzhelskiy/LAB2/block1.jpg HTTP/1.1" 404 230
::1 - - [14/Nov/2018:17:21:41 +0300] "GET /735M/SVMzhelskiy/LAB2/lab_rab2.php HTTP/1.1" 200 2634
::1 - - [18/Nov/2018:19:09:02 +0300] "GET / HTTP/1.1" 200 371
::1 - - [18/Nov/2018:19:09:03 +0300] "GET /favicon.ico HTTP/1.1" 404 209
::1 - - [18/Nov/2018:19:10:22 +0300] "GET /735M/ HTTP/1.1" 200 262
::1 - - [18/Nov/2018:19:10:23 +0300] "GET /735M/SVMzhelskiy/ HTTP/1.1" 200 277
::1 - - [18/Nov/2018:19:10:24 +0300] "GET /735M/SVMzhelskiy/LAB2/ HTTP/1.1" 200 7112
::1 - - [18/Nov/2018:19:10:24 +0300] "GET /735M/SVMzhelskiy/LAB2/style.css HTTP/1.1" 304 -
::1 - - [18/Nov/2018:19:10:24 +0300] "GET /735M/SVMzhelskiy/LAB2/logo.png HTTP/1.1" 304 -
::1 - - [18/Nov/2018:19:10:24 +0300] "GET /735M/SVMzhelskiy/LAB2/background.png HTTP/1.1" 404 234
::1 - - [18/Nov/2018:19:10:24 +0300] "GET /735M/SVMzhelskiy/LAB2/block1.jpg HTTP/1.1" 404 230
::1 - - [18/Nov/2018:19:24:04 +0300] "GET /735M/SVMzhelskiy/LAB2/lab_rab2.php HTTP/1.1" 200 2634
::1 - - [18/Nov/2018:19:32:45 +0300] "GET /735M/SVMzhelskiy/LAB2/lab_rab2.php HTTP/1.1" 200 2634
::1 - - [18/Nov/2018:19:34:51 +0300] "GET /735M/SVMzhelskiy/LAB2/lab_rab2.php HTTP/1.1" 200 2634
::1 - - [18/Nov/2018:19:40:46 +0300] "GET /735M/SVMzhelskiy/LAB2/lab_rab2.php HTTP/1.1" 200 2796
::1 - - [18/Nov/2018:19:41:31 +0300] "GET /735M/SVMzhelskiy/LAB2/lab_rab2.php HTTP/1.1" 200 2799
::1 - - [18/Nov/2018:19:41:32 +0300] "GET /735M/SVMzhelskiy/LAB2/lab_rab2.php HTTP/1.1" 200 2799
::1 - - [18/Nov/2018:19:42:00 +0300] "GET /735M/SVMzhelskiy/LAB2/lab_rab2.php HTTP/1.1" 200 2637
::1 - - [18/Nov/2018:19:42:01 +0300] "GET /735M/SVMzhelskiy/LAB2/lab_rab2.php HTTP/1.1" 200 2637
::1 - - [21/Nov/2018:07:58:46 +0300] "GET / HTTP/1.1" 200 409
::1 - - [21/Nov/2018:07:58:46 +0300] "GET /favicon.ico HTTP/1.1" 404 209
::1 - - [21/Nov/2018:07:58:48 +0300] "GET /lab2S/ HTTP/1.1" 200 2663
::1 - - [21/Nov/2018:07:58:48 +0300] "GET /lab2S/style.css HTTP/1.1" 200 2471
::1 - - [21/Nov/2018:07:58:48 +0300] "GET /lab2S/Images/O2etRlH1KiM.jpg HTTP/1.1" 200 42347
::1 - - [21/Nov/2018:07:58:48 +0300] "GET /lab2S/Images/yellow-orange-paint-texture.jpg HTTP/1.1" 200 3564343
::1 - - [21/Nov/2018:07:58:48 +0300] "GET /lab2S/fonts/v4.ttf HTTP/1.1" 200 323004
::1 - - [21/Nov/2018:07:58:49 +0300] "GET /lab2S/lab_rab2.php HTTP/1.1" 200 2234
::1 - - [21/Nov/2018:07:58:59 +0300] "POST /lab2S/lab_rab2.php HTTP/1.1" 200 2240
::1 - - [21/Nov/2018:07:59:13 +0300] "POST /lab2S/lab_rab2.php HTTP/1.1" 200 2241
::1 - - [21/Nov/2018:07:59:16 +0300] "POST /lab2S/lab_rab2.php HTTP/1.1" 200 2240
::1 - - [21/Nov/2018:07:59:18 +0300] "POST /lab2S/lab_rab2.php HTTP/1.1" 200 2241
::1 - - [21/Nov/2018:08:00:52 +0300] "GET /lab2S/lab_Rab1.html HTTP/1.1" 200 4678
::1 - - [21/Nov/2018:08:00:53 +0300] "GET /lab2S/lab_rab1.html HTTP/1.1" 200 4678
::1 - - [21/Nov/2018:08:00:54 +0300] "GET /lab2S/index.php HTTP/1.1" 200 2663
::1 - - [21/Nov/2018:08:00:55 +0300] "GET /lab2S/lab_rab2.php HTTP/1.1" 200 2234
::1 - - [21/Nov/2018:08:02:41 +0300] "GET / HTTP/1.1" 200 409
::1 - - [21/Nov/2018:08:02:42 +0300] "GET /735M/ HTTP/1.1" 200 262
::1 - - [21/Nov/2018:08:02:44 +0300] "GET /735M/SVMzhelskiy/ HTTP/1.1" 200 277
::1 - - [21/Nov/2018:08:02:44 +0300] "GET /735M/SVMzhelskiy/LAB2/ HTTP/1.1" 200 7112
::1 - - [21/Nov/2018:08:02:44 +0300] "GET /735M/SVMzhelskiy/LAB2/style.css HTTP/1.1" 200 2443
::1 - - [21/Nov/2018:08:02:44 +0300] "GET /735M/SVMzhelskiy/LAB2/logo.png HTTP/1.1" 200 68479
::1 - - [21/Nov/2018:08:02:44 +0300] "GET /735M/SVMzhelskiy/LAB2/background.png HTTP/1.1" 404 234
::1 - - [21/Nov/2018:08:02:44 +0300] "GET /735M/SVMzhelskiy/LAB2/block1.jpg HTTP/1.1" 404 230
::1 - - [21/Nov/2018:08:02:46 +0300] "GET /735M/SVMzhelskiy/LAB2/lab_rab2.php HTTP/1.1" 200 2760
::1 - - [21/Nov/2018:08:02:46 +0300] "GET /735M/SVMzhelskiy/LAB2/background.png HTTP/1.1" 404 234
::1 - - [21/Nov/2018:08:02:46 +0300] "GET /735M/SVMzhelskiy/LAB2/block1.jpg HTTP/1.1" 404 230
::1 - - [21/Nov/2018:08:02:51 +0300] "POST /735M/SVMzhelskiy/LAB2/lab_rab2.php HTTP/1.1" 200 2770
::1 - - [21/Nov/2018:08:56:40 +0300] "POST /735M/SVMzhelskiy/LAB2/lab_rab2.php HTTP/1.1" 200 3164
::1 - - [21/Nov/2018:08:56:40 +0300] "GET /735M/SVMzhelskiy/LAB2/background.png HTTP/1.1" 404 234
::1 - - [21/Nov/2018:08:56:40 +0300] "GET /735M/SVMzhelskiy/LAB2/block1.jpg HTTP/1.1" 404 230
::1 - - [21/Nov/2018:08:56:45 +0300] "POST /735M/SVMzhelskiy/LAB2/lab_rab2.php HTTP/1.1" 200 3158
::1 - - [21/Nov/2018:08:56:45 +0300] "GET /735M/SVMzhelskiy/LAB2/background.png HTTP/1.1" 404 234
::1 - - [21/Nov/2018:08:56:45 +0300] "GET /735M/SVMzhelskiy/LAB2/block1.jpg HTTP/1.1" 404 230
::1 - - [21/Nov/2018:08:57:41 +0300] "POST /735M/SVMzhelskiy/LAB2/lab_rab2.php HTTP/1.1" 200 2713
::1 - - [21/Nov/2018:08:57:41 +0300] "GET /735M/SVMzhelskiy/LAB2/background.png HTTP/1.1" 404 234
::1 - - [21/Nov/2018:08:57:41 +0300] "GET /735M/SVMzhelskiy/LAB2/block1.jpg HTTP/1.1" 404 230
::1 - - [21/Nov/2018:08:57:48 +0300] "POST /735M/SVMzhelskiy/LAB2/lab_rab2.php HTTP/1.1" 200 2713
::1 - - [21/Nov/2018:08:57:48 +0300] "GET /735M/SVMzhelskiy/LAB2/background.png HTTP/1.1" 404 234
::1 - - [21/Nov/2018:08:57:48 +0300] "GET /735M/SVMzhelskiy/LAB2/block1.jpg HTTP/1.1" 404 230
::1 - - [21/Nov/2018:08:57:51 +0300] "POST /735M/SVMzhelskiy/LAB2/lab_rab2.php HTTP/1.1" 200 2714
::1 - - [21/Nov/2018:08:57:51 +0300] "GET /735M/SVMzhelskiy/LAB2/background.png HTTP/1.1" 404 234
::1 - - [21/Nov/2018:08:57:51 +0300] "GET /735M/SVMzhelskiy/LAB2/block1.jpg HTTP/1.1" 404 230
::1 - - [21/Nov/2018:08:57:55 +0300] "POST /735M/SVMzhelskiy/LAB2/lab_rab2.php HTTP/1.1" 200 2715
::1 - - [21/Nov/2018:08:57:55 +0300] "GET /735M/SVMzhelskiy/LAB2/background.png HTTP/1.1" 404 234
::1 - - [21/Nov/2018:08:57:55 +0300] "GET /735M/SVMzhelskiy/LAB2/block1.jpg HTTP/1.1" 404 230
::1 - - [21/Nov/2018:08:59:00 +0300] "POST /735M/SVMzhelskiy/LAB2/lab_rab2.php HTTP/1.1" 200 2715
::1 - - [21/Nov/2018:08:59:00 +0300] "GET /735M/SVMzhelskiy/LAB2/background.png HTTP/1.1" 404 234
::1 - - [21/Nov/2018:08:59:00 +0300] "GET /735M/SVMzhelskiy/LAB2/block1.jpg HTTP/1.1" 404 230
::1 - - [21/Nov/2018:08:59:10 +0300] "POST /735M/SVMzhelskiy/LAB2/lab_rab2.php HTTP/1.1" 200 2918
::1 - - [21/Nov/2018:08:59:10 +0300] "GET /735M/SVMzhelskiy/LAB2/background.png HTTP/1.1" 404 234
::1 - - [21/Nov/2018:08:59:10 +0300] "GET /735M/SVMzhelskiy/LAB2/block1.jpg HTTP/1.1" 404 230
::1 - - [21/Nov/2018:09:00:28 +0300] "POST /735M/SVMzhelskiy/LAB2/lab_rab2.php HTTP/1.1" 200 2918
::1 - - [21/Nov/2018:09:00:28 +0300] "GET /735M/SVMzhelskiy/LAB2/background.png HTTP/1.1" 404 234
::1 - - [21/Nov/2018:09:00:28 +0300] "GET /735M/SVMzhelskiy/LAB2/block1.jpg HTTP/1.1" 404 230
::1 - - [21/Nov/2018:09:00:34 +0300] "POST /735M/SVMzhelskiy/LAB2/lab_rab2.php HTTP/1.1" 200 2706
::1 - - [21/Nov/2018:09:00:34 +0300] "GET /735M/SVMzhelskiy/LAB2/background.png HTTP/1.1" 404 234
::1 - - [21/Nov/2018:09:00:34 +0300] "GET /735M/SVMzhelskiy/LAB2/block1.jpg HTTP/1.1" 404 230
::1 - - [21/Nov/2018:09:01:01 +0300] "POST /735M/SVMzhelskiy/LAB2/lab_rab2.php HTTP/1.1" 200 2707
::1 - - [21/Nov/2018:09:01:01 +0300] "GET /735M/SVMzhelskiy/LAB2/background.png HTTP/1.1" 404 234
::1 - - [21/Nov/2018:09:01:01 +0300] "GET /735M/SVMzhelskiy/LAB2/block1.jpg HTTP/1.1" 404 230
::1 - - [21/Nov/2018:09:02:25 +0300] "POST /735M/SVMzhelskiy/LAB2/lab_rab2.php HTTP/1.1" 200 2770
::1 - - [21/Nov/2018:09:02:25 +0300] "GET /735M/SVMzhelskiy/LAB2/background.png HTTP/1.1" 404 234
::1 - - [21/Nov/2018:09:02:25 +0300] "GET /735M/SVMzhelskiy/LAB2/block1.jpg HTTP/1.1" 404 230
::1 - - [21/Nov/2018:09:03:18 +0300] "POST /735M/SVMzhelskiy/LAB2/lab_rab2.php HTTP/1.1" 200 2772
::1 - - [21/Nov/2018:09:03:18 +0300] "GET /735M/SVMzhelskiy/LAB2/background.png HTTP/1.1" 404 234
::1 - - [21/Nov/2018:09:03:18 +0300] "GET /735M/SVMzhelskiy/LAB2/block1.jpg HTTP/1.1" 404 230
::1 - - [21/Nov/2018:09:03:19 +0300] "POST /735M/SVMzhelskiy/LAB2/lab_rab2.php HTTP/1.1" 200 2768
::1 - - [21/Nov/2018:09:03:19 +0300] "GET /735M/SVMzhelskiy/LAB2/background.png HTTP/1.1" 404 234
::1 - - [21/Nov/2018:09:03:19 +0300] "GET /735M/SVMzhelskiy/LAB2/block1.jpg HTTP/1.1" 404 230
::1 - - [21/Nov/2018:09:03:20 +0300] "POST /735M/SVMzhelskiy/LAB2/lab_rab2.php HTTP/1.1" 200 2768
::1 - - [21/Nov/2018:09:03:20 +0300] "GET /735M/SVMzhelskiy/LAB2/background.png HTTP/1.1" 404 234
::1 - - [21/Nov/2018:09:03:20 +0300] "GET /735M/SVMzhelskiy/LAB2/block1.jpg HTTP/1.1" 404 230
::1 - - [21/Nov/2018:09:03:22 +0300] "POST /735M/SVMzhelskiy/LAB2/lab_rab2.php HTTP/1.1" 200 2772
::1 - - [21/Nov/2018:09:03:22 +0300] "GET /735M/SVMzhelskiy/LAB2/background.png HTTP/1.1" 404 234
::1 - - [21/Nov/2018:09:03:22 +0300] "GET /735M/SVMzhelskiy/LAB2/block1.jpg HTTP/1.1" 404 230
::1 - - [21/Nov/2018:09:03:25 +0300] "POST /735M/SVMzhelskiy/LAB2/lab_rab2.php HTTP/1.1" 200 2778
::1 - - [21/Nov/2018:09:03:25 +0300] "GET /735M/SVMzhelskiy/LAB2/background.png HTTP/1.1" 404 234
::1 - - [21/Nov/2018:09:03:25 +0300] "GET /735M/SVMzhelskiy/LAB2/block1.jpg HTTP/1.1" 404 230
::1 - - [21/Nov/2018:09:07:48 +0300] "POST /735M/SVMzhelskiy/LAB2/lab_rab2.php HTTP/1.1" 200 2914
::1 - - [21/Nov/2018:09:07:48 +0300] "GET /735M/SVMzhelskiy/LAB2/background.png HTTP/1.1" 404 234
::1 - - [21/Nov/2018:09:07:48 +0300] "GET /735M/SVMzhelskiy/LAB2/block1.jpg HTTP/1.1" 404 230
::1 - - [21/Nov/2018:09:09:09 +0300] "POST /735M/SVMzhelskiy/LAB2/lab_rab2.php HTTP/1.1" 200 165
::1 - - [21/Nov/2018:09:09:23 +0300] "POST /735M/SVMzhelskiy/LAB2/lab_rab2.php HTTP/1.1" 200 136
::1 - - [21/Nov/2018:09:09:31 +0300] "POST /735M/SVMzhelskiy/LAB2/lab_rab2.php HTTP/1.1" 200 3234
::1 - - [21/Nov/2018:09:09:31 +0300] "GET /735M/SVMzhelskiy/LAB2/background.png HTTP/1.1" 404 234
::1 - - [21/Nov/2018:09:09:31 +0300] "GET /735M/SVMzhelskiy/LAB2/block1.jpg HTTP/1.1" 404 230
::1 - - [21/Nov/2018:09:09:31 +0300] "GET /735M/SVMzhelskiy/LAB2/index.php HTTP/1.1" 200 7112
::1 - - [21/Nov/2018:09:09:31 +0300] "GET /735M/SVMzhelskiy/LAB2/background.png HTTP/1.1" 404 234
::1 - - [21/Nov/2018:09:09:31 +0300] "GET /735M/SVMzhelskiy/LAB2/block1.jpg HTTP/1.1" 404 230
::1 - - [21/Nov/2018:09:09:33 +0300] "GET /735M/SVMzhelskiy/LAB2/lab_rab2.php HTTP/1.1" 200 2646
::1 - - [21/Nov/2018:09:09:33 +0300] "GET /735M/SVMzhelskiy/LAB2/background.png HTTP/1.1" 404 234
::1 - - [21/Nov/2018:09:09:33 +0300] "GET /735M/SVMzhelskiy/LAB2/block1.jpg HTTP/1.1" 404 230
::1 - - [21/Nov/2018:09:09:53 +0300] "GET /735M/SVMzhelskiy/LAB2/lab_rab2.php HTTP/1.1" 200 2646
::1 - - [21/Nov/2018:09:09:53 +0300] "GET /735M/SVMzhelskiy/LAB2/background.png HTTP/1.1" 404 234
::1 - - [21/Nov/2018:09:09:53 +0300] "GET /735M/SVMzhelskiy/LAB2/block1.jpg HTTP/1.1" 404 230
::1 - - [21/Nov/2018:09:10:15 +0300] "GET /735M/SVMzhelskiy/LAB2/lab_rab2.php HTTP/1.1" 200 2656
::1 - - [21/Nov/2018:09:10:15 +0300] "GET /735M/SVMzhelskiy/LAB2/background.png HTTP/1.1" 404 234
::1 - - [21/Nov/2018:09:10:15 +0300] "GET /735M/SVMzhelskiy/LAB2/block1.jpg HTTP/1.1" 404 230
::1 - - [21/Nov/2018:09:10:32 +0300] "GET /735M/SVMzhelskiy/LAB2/lab_rab2.php HTTP/1.1" 200 2754
::1 - - [21/Nov/2018:09:10:32 +0300] "GET /735M/SVMzhelskiy/LAB2/background.png HTTP/1.1" 404 234
::1 - - [21/Nov/2018:09:10:32 +0300] "GET /735M/SVMzhelskiy/LAB2/block1.jpg HTTP/1.1" 404 230
::1 - - [21/Nov/2018:09:10:39 +0300] "GET /735M/SVMzhelskiy/LAB2/lab_rab2.php HTTP/1.1" 200 2722
::1 - - [21/Nov/2018:09:10:39 +0300] "GET /735M/SVMzhelskiy/LAB2/background.png HTTP/1.1" 404 234
::1 - - [21/Nov/2018:09:10:39 +0300] "GET /735M/SVMzhelskiy/LAB2/block1.jpg HTTP/1.1" 404 230
::1 - - [21/Nov/2018:09:10:40 +0300] "POST /735M/SVMzhelskiy/LAB2/lab_rab2.php HTTP/1.1" 200 2722
::1 - - [21/Nov/2018:09:10:40 +0300] "GET /735M/SVMzhelskiy/LAB2/background.png HTTP/1.1" 404 234
::1 - - [21/Nov/2018:09:10:40 +0300] "GET /735M/SVMzhelskiy/LAB2/block1.jpg HTTP/1.1" 404 230
::1 - - [21/Nov/2018:09:10:43 +0300] "POST /735M/SVMzhelskiy/LAB2/lab_rab2.php HTTP/1.1" 200 3370
::1 - - [21/Nov/2018:09:10:43 +0300] "GET /735M/SVMzhelskiy/LAB2/background.png HTTP/1.1" 404 234
::1 - - [21/Nov/2018:09:10:43 +0300] "GET /735M/SVMzhelskiy/LAB2/block1.jpg HTTP/1.1" 404 230
::1 - - [21/Nov/2018:09:10:50 +0300] "POST /735M/SVMzhelskiy/LAB2/lab_rab2.php HTTP/1.1" 200 2730
::1 - - [21/Nov/2018:09:10:50 +0300] "GET /735M/SVMzhelskiy/LAB2/background.png HTTP/1.1" 404 234
::1 - - [21/Nov/2018:09:10:50 +0300] "GET /735M/SVMzhelskiy/LAB2/block1.jpg HTTP/1.1" 404 230
::1 - - [21/Nov/2018:09:12:16 +0300] "POST /735M/SVMzhelskiy/LAB2/lab_rab2.php HTTP/1.1" 200 136
::1 - - [21/Nov/2018:09:12:25 +0300] "POST /735M/SVMzhelskiy/LAB2/lab_rab2.php HTTP/1.1" 200 136
::1 - - [21/Nov/2018:09:12:37 +0300] "POST /735M/SVMzhelskiy/LAB2/lab_rab2.php HTTP/1.1" 200 136
::1 - - [21/Nov/2018:09:12:49 +0300] "POST /735M/SVMzhelskiy/LAB2/lab_rab2.php HTTP/1.1" 200 136
::1 - - [21/Nov/2018:09:13:29 +0300] "POST /735M/SVMzhelskiy/LAB2/lab_rab2.php HTTP/1.1" 200 2730
::1 - - [21/Nov/2018:09:13:29 +0300] "GET /735M/SVMzhelskiy/LAB2/background.png HTTP/1.1" 404 234
::1 - - [21/Nov/2018:09:13:29 +0300] "GET /735M/SVMzhelskiy/LAB2/block1.jpg HTTP/1.1" 404 230
::1 - - [21/Nov/2018:09:13:32 +0300] "POST /735M/SVMzhelskiy/LAB2/lab_rab2.php HTTP/1.1" 200 2728
::1 - - [21/Nov/2018:09:13:32 +0300] "GET /735M/SVMzhelskiy/LAB2/background.png HTTP/1.1" 404 234
::1 - - [21/Nov/2018:09:13:32 +0300] "GET /735M/SVMzhelskiy/LAB2/block1.jpg HTTP/1.1" 404 230
::1 - - [21/Nov/2018:09:14:47 +0300] "POST /735M/SVMzhelskiy/LAB2/lab_rab2.php HTTP/1.1" 200 2738
::1 - - [21/Nov/2018:09:14:48 +0300] "GET /735M/SVMzhelskiy/LAB2/background.png HTTP/1.1" 404 234
::1 - - [21/Nov/2018:09:14:48 +0300] "GET /735M/SVMzhelskiy/LAB2/block1.jpg HTTP/1.1" 404 230
::1 - - [21/Nov/2018:09:15:02 +0300] "POST /735M/SVMzhelskiy/LAB2/lab_rab2.php HTTP/1.1" 200 2730
::1 - - [21/Nov/2018:09:15:02 +0300] "GET /735M/SVMzhelskiy/LAB2/background.png HTTP/1.1" 404 234
::1 - - [21/Nov/2018:09:15:02 +0300] "GET /735M/SVMzhelskiy/LAB2/block1.jpg HTTP/1.1" 404 230
::1 - - [21/Nov/2018:09:21:07 +0300] "POST /735M/SVMzhelskiy/LAB2/lab_rab2.php HTTP/1.1" 200 2860
::1 - - [21/Nov/2018:09:21:07 +0300] "GET /735M/SVMzhelskiy/LAB2/background.png HTTP/1.1" 404 234
::1 - - [21/Nov/2018:09:21:07 +0300] "GET /735M/SVMzhelskiy/LAB2/block1.jpg HTTP/1.1" 404 230
::1 - - [21/Nov/2018:09:24:47 +0300] "POST /735M/SVMzhelskiy/LAB2/lab_rab2.php HTTP/1.1" 200 2860
::1 - - [21/Nov/2018:09:24:47 +0300] "GET /735M/SVMzhelskiy/LAB2/background.png HTTP/1.1" 404 234
::1 - - [21/Nov/2018:09:24:47 +0300] "GET /735M/SVMzhelskiy/LAB2/block1.jpg HTTP/1.1" 404 230
::1 - - [21/Nov/2018:09:26:15 +0300] "POST /735M/SVMzhelskiy/LAB2/lab_rab2.php HTTP/1.1" 200 2866
::1 - - [21/Nov/2018:09:26:15 +0300] "GET /735M/SVMzhelskiy/LAB2/background.png HTTP/1.1" 404 234
::1 - - [21/Nov/2018:09:26:15 +0300] "GET /735M/SVMzhelskiy/LAB2/block1.jpg HTTP/1.1" 404 230
::1 - - [21/Nov/2018:09:26:42 +0300] "POST /735M/SVMzhelskiy/LAB2/lab_rab2.php HTTP/1.1" 200 2866
::1 - - [21/Nov/2018:09:26:42 +0300] "GET /735M/SVMzhelskiy/LAB2/background.png HTTP/1.1" 404 234
::1 - - [21/Nov/2018:09:26:42 +0300] "GET /735M/SVMzhelskiy/LAB2/block1.jpg HTTP/1.1" 404 230
::1 - - [21/Nov/2018:09:27:47 +0300] "POST /735M/SVMzhelskiy/LAB2/lab_rab2.php HTTP/1.1" 200 2870
::1 - - [21/Nov/2018:09:27:47 +0300] "GET /735M/SVMzhelskiy/LAB2/background.png HTTP/1.1" 404 234
::1 - - [21/Nov/2018:09:27:47 +0300] "GET /735M/SVMzhelskiy/LAB2/block1.jpg HTTP/1.1" 404 230
::1 - - [21/Nov/2018:09:27:54 +0300] "POST /735M/SVMzhelskiy/LAB2/lab_rab2.php HTTP/1.1" 200 2868
::1 - - [21/Nov/2018:09:27:54 +0300] "GET /735M/SVMzhelskiy/LAB2/background.png HTTP/1.1" 404 234
::1 - - [21/Nov/2018:09:27:54 +0300] "GET /735M/SVMzhelskiy/LAB2/block1.jpg HTTP/1.1" 404 230
::1 - - [21/Nov/2018:09:28:39 +0300] "POST /735M/SVMzhelskiy/LAB2/lab_rab2.php HTTP/1.1" 200 140
::1 - - [21/Nov/2018:09:28:48 +0300] "POST /735M/SVMzhelskiy/LAB2/lab_rab2.php HTTP/1.1" 200 2891
::1 - - [21/Nov/2018:09:28:48 +0300] "GET /735M/SVMzhelskiy/LAB2/background.png HTTP/1.1" 404 234
::1 - - [21/Nov/2018:09:28:48 +0300] "GET /735M/SVMzhelskiy/LAB2/block1.jpg HTTP/1.1" 404 230
::1 - - [21/Nov/2018:09:28:51 +0300] "POST /735M/SVMzhelskiy/LAB2/lab_rab2.php HTTP/1.1" 200 2897
::1 - - [21/Nov/2018:09:28:51 +0300] "GET /735M/SVMzhelskiy/LAB2/background.png HTTP/1.1" 404 234
::1 - - [21/Nov/2018:09:28:51 +0300] "GET /735M/SVMzhelskiy/LAB2/block1.jpg HTTP/1.1" 404 230
::1 - - [21/Nov/2018:09:29:10 +0300] "POST /735M/SVMzhelskiy/LAB2/lab_rab2.php HTTP/1.1" 200 136
::1 - - [21/Nov/2018:09:29:24 +0300] "POST /735M/SVMzhelskiy/LAB2/lab_rab2.php HTTP/1.1" 200 2901
::1 - - [21/Nov/2018:09:29:24 +0300] "GET /735M/SVMzhelskiy/LAB2/background.png HTTP/1.1" 404 234
::1 - - [21/Nov/2018:09:29:24 +0300] "GET /735M/SVMzhelskiy/LAB2/block1.jpg HTTP/1.1" 404 230
::1 - - [21/Nov/2018:09:29:32 +0300] "POST /735M/SVMzhelskiy/LAB2/lab_rab2.php HTTP/1.1" 200 2899
::1 - - [21/Nov/2018:09:29:32 +0300] "GET /735M/SVMzhelskiy/LAB2/background.png HTTP/1.1" 404 234
::1 - - [21/Nov/2018:09:29:32 +0300] "GET /735M/SVMzhelskiy/LAB2/block1.jpg HTTP/1.1" 404 230
::1 - - [21/Nov/2018:09:29:36 +0300] "POST /735M/SVMzhelskiy/LAB2/lab_rab2.php HTTP/1.1" 200 2899
::1 - - [21/Nov/2018:09:29:36 +0300] "GET /735M/SVMzhelskiy/LAB2/background.png HTTP/1.1" 404 234
::1 - - [21/Nov/2018:09:29:36 +0300] "GET /735M/SVMzhelskiy/LAB2/block1.jpg HTTP/1.1" 404 230
::1 - - [21/Nov/2018:09:30:42 +0300] "POST /735M/SVMzhelskiy/LAB2/lab_rab2.php HTTP/1.1" 200 2706
::1 - - [21/Nov/2018:09:30:42 +0300] "GET /735M/SVMzhelskiy/LAB2/background.png HTTP/1.1" 404 234
::1 - - [21/Nov/2018:09:30:42 +0300] "GET /735M/SVMzhelskiy/LAB2/block1.jpg HTTP/1.1" 404 230
::1 - - [21/Nov/2018:09:31:11 +0300] "POST /735M/SVMzhelskiy/LAB2/lab_rab2.php HTTP/1.1" 200 2709
::1 - - [21/Nov/2018:09:31:11 +0300] "GET /735M/SVMzhelskiy/LAB2/background.png HTTP/1.1" 404 234
::1 - - [21/Nov/2018:09:31:11 +0300] "GET /735M/SVMzhelskiy/LAB2/block1.jpg HTTP/1.1" 404 230
::1 - - [21/Nov/2018:09:31:20 +0300] "POST /735M/SVMzhelskiy/LAB2/lab_rab2.php HTTP/1.1" 200 136
::1 - - [21/Nov/2018:09:31:46 +0300] "POST /735M/SVMzhelskiy/LAB2/lab_rab2.php HTTP/1.1" 200 2707
::1 - - [21/Nov/2018:09:31:46 +0300] "GET /735M/SVMzhelskiy/LAB2/background.png HTTP/1.1" 404 234
::1 - - [21/Nov/2018:09:31:46 +0300] "GET /735M/SVMzhelskiy/LAB2/block1.jpg HTTP/1.1" 404 230
::1 - - [21/Nov/2018:10:41:27 +0300] "POST /735M/SVMzhelskiy/LAB2/lab_rab2.php HTTP/1.1" 200 2713
::1 - - [21/Nov/2018:10:41:27 +0300] "GET /735M/SVMzhelskiy/LAB2/background.png HTTP/1.1" 404 234
::1 - - [21/Nov/2018:10:41:27 +0300] "GET /735M/SVMzhelskiy/LAB2/block1.jpg HTTP/1.1" 404 230
::1 - - [21/Nov/2018:10:41:30 +0300] "POST /735M/SVMzhelskiy/LAB2/lab_rab2.php HTTP/1.1" 200 2713
::1 - - [21/Nov/2018:10:41:30 +0300] "GET /735M/SVMzhelskiy/LAB2/background.png HTTP/1.1" 404 234
::1 - - [21/Nov/2018:10:41:30 +0300] "GET /735M/SVMzhelskiy/LAB2/block1.jpg HTTP/1.1" 404 230
::1 - - [21/Nov/2018:10:41:32 +0300] "POST /735M/SVMzhelskiy/LAB2/lab_rab2.php HTTP/1.1" 200 2713
::1 - - [21/Nov/2018:10:41:33 +0300] "GET /735M/SVMzhelskiy/LAB2/background.png HTTP/1.1" 404 234
::1 - - [21/Nov/2018:10:41:33 +0300] "GET /735M/SVMzhelskiy/LAB2/block1.jpg HTTP/1.1" 404 230
::1 - - [21/Nov/2018:10:41:37 +0300] "POST /735M/SVMzhelskiy/LAB2/lab_rab2.php HTTP/1.1" 200 2709
::1 - - [21/Nov/2018:10:41:37 +0300] "GET /735M/SVMzhelskiy/LAB2/background.png HTTP/1.1" 404 234
::1 - - [21/Nov/2018:10:41:37 +0300] "GET /735M/SVMzhelskiy/LAB2/block1.jpg HTTP/1.1" 404 230
::1 - - [21/Nov/2018:10:44:06 +0300] "POST /735M/SVMzhelskiy/LAB2/lab_rab2.php HTTP/1.1" 200 2711
::1 - - [21/Nov/2018:10:44:06 +0300] "GET /735M/SVMzhelskiy/LAB2/background.png HTTP/1.1" 404 234
::1 - - [21/Nov/2018:10:44:06 +0300] "GET /735M/SVMzhelskiy/LAB2/block1.jpg HTTP/1.1" 404 230
::1 - - [21/Nov/2018:10:44:10 +0300] "POST /735M/SVMzhelskiy/LAB2/lab_rab2.php HTTP/1.1" 200 2707
::1 - - [21/Nov/2018:10:44:10 +0300] "GET /735M/SVMzhelskiy/LAB2/background.png HTTP/1.1" 404 234
::1 - - [21/Nov/2018:10:44:10 +0300] "GET /735M/SVMzhelskiy/LAB2/block1.jpg HTTP/1.1" 404 230
::1 - - [21/Nov/2018:10:44:14 +0300] "POST /735M/SVMzhelskiy/LAB2/lab_rab2.php HTTP/1.1" 200 2711
::1 - - [21/Nov/2018:10:44:14 +0300] "GET /735M/SVMzhelskiy/LAB2/background.png HTTP/1.1" 404 234
::1 - - [21/Nov/2018:10:44:14 +0300] "GET /735M/SVMzhelskiy/LAB2/block1.jpg HTTP/1.1" 404 230
::1 - - [21/Nov/2018:12:49:38 +0300] "GET /735M/SVMzhelskiy/LAB2/index.php HTTP/1.1" 200 7112
::1 - - [21/Nov/2018:12:49:39 +0300] "GET /735M/SVMzhelskiy/LAB2/background.png HTTP/1.1" 404 234
::1 - - [21/Nov/2018:12:49:39 +0300] "GET /735M/SVMzhelskiy/LAB2/block1.jpg HTTP/1.1" 404 230
::1 - - [21/Nov/2018:12:49:40 +0300] "GET /735M/SVMzhelskiy/LAB2/lab_rab2.php HTTP/1.1" 200 2670
::1 - - [21/Nov/2018:12:49:40 +0300] "GET /735M/SVMzhelskiy/LAB2/background.png HTTP/1.1" 404 234
::1 - - [21/Nov/2018:12:49:40 +0300] "GET /735M/SVMzhelskiy/LAB2/block1.jpg HTTP/1.1" 404 230
::1 - - [21/Nov/2018:12:49:41 +0300] "GET /735M/SVMzhelskiy/LAB2/lab_rab1.html HTTP/1.1" 304 -
::1 - - [21/Nov/2018:12:49:42 +0300] "GET /735M/SVMzhelskiy/LAB2/style_form.css HTTP/1.1" 304 -
::1 - - [21/Nov/2018:12:49:44 +0300] "GET /735M/SVMzhelskiy/LAB2/index.php HTTP/1.1" 200 7112
::1 - - [21/Nov/2018:12:49:44 +0300] "GET /735M/SVMzhelskiy/LAB2/background.png HTTP/1.1" 404 234
::1 - - [21/Nov/2018:12:49:44 +0300] "GET /735M/SVMzhelskiy/LAB2/block1.jpg HTTP/1.1" 404 230
::1 - - [21/Nov/2018:12:49:45 +0300] "GET /735M/SVMzhelskiy/LAB2/lab_rab2.php HTTP/1.1" 200 2670
::1 - - [21/Nov/2018:12:49:45 +0300] "GET /735M/SVMzhelskiy/LAB2/background.png HTTP/1.1" 404 234
::1 - - [21/Nov/2018:12:49:45 +0300] "GET /735M/SVMzhelskiy/LAB2/block1.jpg HTTP/1.1" 404 230
::1 - - [21/Nov/2018:12:50:04 +0300] "GET /735M/SVMzhelskiy/LAB2/lab_rab2.php HTTP/1.1" 200 2500
::1 - - [21/Nov/2018:12:50:04 +0300] "GET /735M/SVMzhelskiy/LAB2/background.png HTTP/1.1" 404 234
::1 - - [21/Nov/2018:12:50:04 +0300] "GET /735M/SVMzhelskiy/LAB2/block1.jpg HTTP/1.1" 404 230
::1 - - [21/Nov/2018:13:03:17 +0300] "POST /735M/SVMzhelskiy/LAB2/lab_rab2.php HTTP/1.1" 200 2537
::1 - - [21/Nov/2018:13:03:17 +0300] "GET /735M/SVMzhelskiy/LAB2/background.png HTTP/1.1" 404 234
::1 - - [21/Nov/2018:13:03:17 +0300] "GET /735M/SVMzhelskiy/LAB2/block1.jpg HTTP/1.1" 404 230
::1 - - [21/Nov/2018:13:03:23 +0300] "POST /735M/SVMzhelskiy/LAB2/lab_rab2.php HTTP/1.1" 200 2539
::1 - - [21/Nov/2018:13:03:23 +0300] "GET /735M/SVMzhelskiy/LAB2/background.png HTTP/1.1" 404 234
::1 - - [21/Nov/2018:13:03:23 +0300] "GET /735M/SVMzhelskiy/LAB2/block1.jpg HTTP/1.1" 404 230
::1 - - [21/Nov/2018:13:03:25 +0300] "POST /735M/SVMzhelskiy/LAB2/lab_rab2.php HTTP/1.1" 200 2541
::1 - - [21/Nov/2018:13:03:25 +0300] "GET /735M/SVMzhelskiy/LAB2/background.png HTTP/1.1" 404 234
::1 - - [21/Nov/2018:13:03:25 +0300] "GET /735M/SVMzhelskiy/LAB2/block1.jpg HTTP/1.1" 404 230
::1 - - [21/Nov/2018:13:13:31 +0300] "POST /735M/SVMzhelskiy/LAB2/lab_rab2.php HTTP/1.1" 200 159
::1 - - [21/Nov/2018:13:13:59 +0300] "POST /735M/SVMzhelskiy/LAB2/lab_rab2.php HTTP/1.1" 200 159
::1 - - [21/Nov/2018:13:14:34 +0300] "POST /735M/SVMzhelskiy/LAB2/lab_rab2.php HTTP/1.1" 200 159
::1 - - [21/Nov/2018:13:16:02 +0300] "POST /735M/SVMzhelskiy/LAB2/lab_rab2.php HTTP/1.1" 200 2541
::1 - - [21/Nov/2018:13:16:02 +0300] "GET /735M/SVMzhelskiy/LAB2/background.png HTTP/1.1" 404 234
::1 - - [21/Nov/2018:13:16:02 +0300] "GET /735M/SVMzhelskiy/LAB2/block1.jpg HTTP/1.1" 404 230
::1 - - [21/Nov/2018:13:16:05 +0300] "POST /735M/SVMzhelskiy/LAB2/lab_rab2.php HTTP/1.1" 200 2766
::1 - - [21/Nov/2018:13:16:05 +0300] "GET /735M/SVMzhelskiy/LAB2/background.png HTTP/1.1" 404 234
::1 - - [21/Nov/2018:13:16:05 +0300] "GET /735M/SVMzhelskiy/LAB2/block1.jpg HTTP/1.1" 404 230
::1 - - [21/Nov/2018:13:16:10 +0300] "POST /735M/SVMzhelskiy/LAB2/lab_rab2.php HTTP/1.1" 200 2766
::1 - - [21/Nov/2018:13:16:10 +0300] "GET /735M/SVMzhelskiy/LAB2/background.png HTTP/1.1" 404 234
::1 - - [21/Nov/2018:13:16:10 +0300] "GET /735M/SVMzhelskiy/LAB2/block1.jpg HTTP/1.1" 404 230
::1 - - [21/Nov/2018:13:16:11 +0300] "POST /735M/SVMzhelskiy/LAB2/lab_rab2.php HTTP/1.1" 200 2766
::1 - - [21/Nov/2018:13:16:11 +0300] "GET /735M/SVMzhelskiy/LAB2/background.png HTTP/1.1" 404 234
::1 - - [21/Nov/2018:13:16:11 +0300] "GET /735M/SVMzhelskiy/LAB2/block1.jpg HTTP/1.1" 404 230
::1 - - [21/Nov/2018:13:16:14 +0300] "POST /735M/SVMzhelskiy/LAB2/lab_rab2.php HTTP/1.1" 200 2766
::1 - - [21/Nov/2018:13:16:14 +0300] "GET /735M/SVMzhelskiy/LAB2/background.png HTTP/1.1" 404 234
::1 - - [21/Nov/2018:13:16:14 +0300] "GET /735M/SVMzhelskiy/LAB2/block1.jpg HTTP/1.1" 404 230
::1 - - [21/Nov/2018:13:16:38 +0300] "POST /735M/SVMzhelskiy/LAB2/lab_rab2.php HTTP/1.1" 200 2636
::1 - - [21/Nov/2018:13:16:38 +0300] "GET /735M/SVMzhelskiy/LAB2/background.png HTTP/1.1" 404 234
::1 - - [21/Nov/2018:13:16:38 +0300] "GET /735M/SVMzhelskiy/LAB2/block1.jpg HTTP/1.1" 404 230
::1 - - [21/Nov/2018:13:17:02 +0300] "POST /735M/SVMzhelskiy/LAB2/lab_rab2.php HTTP/1.1" 200 2512
::1 - - [21/Nov/2018:13:17:02 +0300] "GET /735M/SVMzhelskiy/LAB2/background.png HTTP/1.1" 404 234
::1 - - [21/Nov/2018:13:17:02 +0300] "GET /735M/SVMzhelskiy/LAB2/block1.jpg HTTP/1.1" 404 230
::1 - - [21/Nov/2018:13:17:05 +0300] "POST /735M/SVMzhelskiy/LAB2/lab_rab2.php HTTP/1.1" 200 2512
::1 - - [21/Nov/2018:13:17:05 +0300] "GET /735M/SVMzhelskiy/LAB2/background.png HTTP/1.1" 404 234
::1 - - [21/Nov/2018:13:17:05 +0300] "GET /735M/SVMzhelskiy/LAB2/block1.jpg HTTP/1.1" 404 230
::1 - - [21/Nov/2018:13:17:07 +0300] "POST /735M/SVMzhelskiy/LAB2/lab_rab2.php HTTP/1.1" 200 2512
::1 - - [21/Nov/2018:13:17:07 +0300] "GET /735M/SVMzhelskiy/LAB2/background.png HTTP/1.1" 404 234
::1 - - [21/Nov/2018:13:17:07 +0300] "GET /735M/SVMzhelskiy/LAB2/block1.jpg HTTP/1.1" 404 230
::1 - - [21/Nov/2018:13:18:34 +0300] "POST /735M/SVMzhelskiy/LAB2/lab_rab2.php HTTP/1.1" 200 2499
::1 - - [21/Nov/2018:13:18:34 +0300] "GET /735M/SVMzhelskiy/LAB2/background.png HTTP/1.1" 404 234
::1 - - [21/Nov/2018:13:18:34 +0300] "GET /735M/SVMzhelskiy/LAB2/block1.jpg HTTP/1.1" 404 230
::1 - - [21/Nov/2018:13:18:36 +0300] "POST /735M/SVMzhelskiy/LAB2/lab_rab2.php HTTP/1.1" 200 2499
::1 - - [21/Nov/2018:13:18:36 +0300] "GET /735M/SVMzhelskiy/LAB2/background.png HTTP/1.1" 404 234
::1 - - [21/Nov/2018:13:18:36 +0300] "GET /735M/SVMzhelskiy/LAB2/block1.jpg HTTP/1.1" 404 230
::1 - - [21/Nov/2018:13:20:16 +0300] "POST /735M/SVMzhelskiy/LAB2/lab_rab2.php HTTP/1.1" 200 2499
::1 - - [21/Nov/2018:13:20:16 +0300] "GET /735M/SVMzhelskiy/LAB2/background.png HTTP/1.1" 404 234
::1 - - [21/Nov/2018:13:20:16 +0300] "GET /735M/SVMzhelskiy/LAB2/block1.jpg HTTP/1.1" 404 230
::1 - - [21/Nov/2018:13:20:18 +0300] "POST /735M/SVMzhelskiy/LAB2/lab_rab2.php HTTP/1.1" 200 2499
::1 - - [21/Nov/2018:13:20:18 +0300] "GET /735M/SVMzhelskiy/LAB2/background.png HTTP/1.1" 404 234
::1 - - [21/Nov/2018:13:20:18 +0300] "GET /735M/SVMzhelskiy/LAB2/block1.jpg HTTP/1.1" 404 230
::1 - - [21/Nov/2018:13:20:20 +0300] "POST /735M/SVMzhelskiy/LAB2/lab_rab2.php HTTP/1.1" 200 2499
::1 - - [21/Nov/2018:13:20:20 +0300] "GET /735M/SVMzhelskiy/LAB2/background.png HTTP/1.1" 404 234
::1 - - [21/Nov/2018:13:20:20 +0300] "GET /735M/SVMzhelskiy/LAB2/block1.jpg HTTP/1.1" 404 230
::1 - - [21/Nov/2018:13:25:18 +0300] "-" 408 -
::1 - - [26/Nov/2018:08:47:37 +0300] "GET / HTTP/1.1" 200 409
::1 - - [26/Nov/2018:08:47:38 +0300] "GET /favicon.ico HTTP/1.1" 404 209
::1 - - [26/Nov/2018:08:47:40 +0300] "GET /735M/ HTTP/1.1" 200 262
::1 - - [26/Nov/2018:08:47:41 +0300] "GET /735M/SVMzhelskiy/ HTTP/1.1" 200 277
::1 - - [26/Nov/2018:08:47:41 +0300] "GET /735M/SVMzhelskiy/LAB2/ HTTP/1.1" 200 7112
::1 - - [26/Nov/2018:08:47:41 +0300] "GET /735M/SVMzhelskiy/LAB2/style.css HTTP/1.1" 200 2443
::1 - - [26/Nov/2018:08:47:41 +0300] "GET /735M/SVMzhelskiy/LAB2/logo.png HTTP/1.1" 200 68479
::1 - - [26/Nov/2018:08:47:41 +0300] "GET /735M/SVMzhelskiy/LAB2/background.png HTTP/1.1" 404 234
::1 - - [26/Nov/2018:08:47:41 +0300] "GET /735M/SVMzhelskiy/LAB2/block1.jpg HTTP/1.1" 404 230
::1 - - [26/Nov/2018:08:47:43 +0300] "GET /735M/SVMzhelskiy/LAB2/lab_rab2.php HTTP/1.1" 200 2499
::1 - - [26/Nov/2018:08:47:47 +0300] "POST /735M/SVMzhelskiy/LAB2/lab_rab2.php HTTP/1.1" 200 2536
::1 - - [26/Nov/2018:08:47:50 +0300] "POST /735M/SVMzhelskiy/LAB2/lab_rab2.php HTTP/1.1" 200 2538
::1 - - [26/Nov/2018:08:57:52 +0300] "POST /735M/SVMzhelskiy/LAB2/lab_rab2.php HTTP/1.1" 200 136
::1 - - [26/Nov/2018:08:58:27 +0300] "POST /735M/SVMzhelskiy/LAB2/lab_rab2.php HTTP/1.1" 200 139
::1 - - [26/Nov/2018:08:58:39 +0300] "POST /735M/SVMzhelskiy/LAB2/lab_rab2.php HTTP/1.1" 200 136
::1 - - [26/Nov/2018:08:59:01 +0300] "POST /735M/SVMzhelskiy/LAB2/lab_rab2.php HTTP/1.1" 200 2538
::1 - - [26/Nov/2018:08:59:01 +0300] "GET /735M/SVMzhelskiy/LAB2/background.png HTTP/1.1" 404 234
::1 - - [26/Nov/2018:08:59:01 +0300] "GET /735M/SVMzhelskiy/LAB2/block1.jpg HTTP/1.1" 404 230
::1 - - [26/Nov/2018:08:59:06 +0300] "POST /735M/SVMzhelskiy/LAB2/lab_rab2.php HTTP/1.1" 200 2499
::1 - - [26/Nov/2018:08:59:06 +0300] "GET /735M/SVMzhelskiy/LAB2/background.png HTTP/1.1" 404 234
::1 - - [26/Nov/2018:08:59:06 +0300] "GET /735M/SVMzhelskiy/LAB2/block1.jpg HTTP/1.1" 404 230
::1 - - [26/Nov/2018:08:59:07 +0300] "POST /735M/SVMzhelskiy/LAB2/lab_rab2.php HTTP/1.1" 200 2499
::1 - - [26/Nov/2018:08:59:07 +0300] "GET /735M/SVMzhelskiy/LAB2/background.png HTTP/1.1" 404 234
::1 - - [26/Nov/2018:08:59:07 +0300] "GET /735M/SVMzhelskiy/LAB2/block1.jpg HTTP/1.1" 404 230
::1 - - [26/Nov/2018:08:59:27 +0300] "POST /735M/SVMzhelskiy/LAB2/lab_rab2.php HTTP/1.1" 200 2499
::1 - - [26/Nov/2018:08:59:28 +0300] "GET /735M/SVMzhelskiy/LAB2/background.png HTTP/1.1" 404 234
::1 - - [26/Nov/2018:08:59:28 +0300] "GET /735M/SVMzhelskiy/LAB2/block1.jpg HTTP/1.1" 404 230
::1 - - [26/Nov/2018:08:59:29 +0300] "GET /735M/SVMzhelskiy/LAB2/lab_rab2.php HTTP/1.1" 200 2499
::1 - - [26/Nov/2018:08:59:29 +0300] "GET /735M/SVMzhelskiy/LAB2/background.png HTTP/1.1" 404 234
::1 - - [26/Nov/2018:08:59:29 +0300] "GET /735M/SVMzhelskiy/LAB2/block1.jpg HTTP/1.1" 404 230
::1 - - [26/Nov/2018:08:59:31 +0300] "POST /735M/SVMzhelskiy/LAB2/lab_rab2.php HTTP/1.1" 200 2499
::1 - - [26/Nov/2018:08:59:31 +0300] "GET /735M/SVMzhelskiy/LAB2/background.png HTTP/1.1" 404 234
::1 - - [26/Nov/2018:08:59:31 +0300] "GET /735M/SVMzhelskiy/LAB2/block1.jpg HTTP/1.1" 404 230
::1 - - [26/Nov/2018:08:59:47 +0300] "POST /735M/SVMzhelskiy/LAB2/lab_rab2.php HTTP/1.1" 200 2499
::1 - - [26/Nov/2018:08:59:47 +0300] "GET /735M/SVMzhelskiy/LAB2/background.png HTTP/1.1" 404 234
::1 - - [26/Nov/2018:08:59:47 +0300] "GET /735M/SVMzhelskiy/LAB2/block1.jpg HTTP/1.1" 404 230
::1 - - [26/Nov/2018:09:01:04 +0300] "POST /735M/SVMzhelskiy/LAB2/lab_rab2.php HTTP/1.1" 200 2499
::1 - - [26/Nov/2018:09:01:04 +0300] "GET /735M/SVMzhelskiy/LAB2/background.png HTTP/1.1" 404 234
::1 - - [26/Nov/2018:09:01:04 +0300] "GET /735M/SVMzhelskiy/LAB2/block1.jpg HTTP/1.1" 404 230
::1 - - [26/Nov/2018:09:01:46 +0300] "POST /735M/SVMzhelskiy/LAB2/lab_rab2.php HTTP/1.1" 200 2499
::1 - - [26/Nov/2018:09:01:46 +0300] "GET /735M/SVMzhelskiy/LAB2/background.png HTTP/1.1" 404 234
::1 - - [26/Nov/2018:09:01:46 +0300] "GET /735M/SVMzhelskiy/LAB2/block1.jpg HTTP/1.1" 404 230
::1 - - [26/Nov/2018:09:02:55 +0300] "POST /735M/SVMzhelskiy/LAB2/lab_rab2.php HTTP/1.1" 200 136
::1 - - [26/Nov/2018:09:03:09 +0300] "POST /735M/SVMzhelskiy/LAB2/lab_rab2.php HTTP/1.1" 200 2499
::1 - - [26/Nov/2018:09:03:09 +0300] "GET /735M/SVMzhelskiy/LAB2/background.png HTTP/1.1" 404 234
::1 - - [26/Nov/2018:09:03:09 +0300] "GET /735M/SVMzhelskiy/LAB2/block1.jpg HTTP/1.1" 404 230
::1 - - [26/Nov/2018:09:03:10 +0300] "POST /735M/SVMzhelskiy/LAB2/lab_rab2.php HTTP/1.1" 200 2499
::1 - - [26/Nov/2018:09:03:10 +0300] "GET /735M/SVMzhelskiy/LAB2/background.png HTTP/1.1" 404 234
::1 - - [26/Nov/2018:09:03:10 +0300] "GET /735M/SVMzhelskiy/LAB2/block1.jpg HTTP/1.1" 404 230
::1 - - [26/Nov/2018:09:03:11 +0300] "POST /735M/SVMzhelskiy/LAB2/lab_rab2.php HTTP/1.1" 200 2499
::1 - - [26/Nov/2018:09:03:12 +0300] "GET /735M/SVMzhelskiy/LAB2/background.png HTTP/1.1" 404 234
::1 - - [26/Nov/2018:09:03:12 +0300] "GET /735M/SVMzhelskiy/LAB2/block1.jpg HTTP/1.1" 404 230
::1 - - [26/Nov/2018:09:03:36 +0300] "POST /735M/SVMzhelskiy/LAB2/lab_rab2.php HTTP/1.1" 200 2499
::1 - - [26/Nov/2018:09:03:37 +0300] "GET /735M/SVMzhelskiy/LAB2/background.png HTTP/1.1" 404 234
::1 - - [26/Nov/2018:09:03:37 +0300] "GET /735M/SVMzhelskiy/LAB2/block1.jpg HTTP/1.1" 404 230
::1 - - [26/Nov/2018:09:05:33 +0300] "POST /735M/SVMzhelskiy/LAB2/lab_rab2.php HTTP/1.1" 200 136
::1 - - [26/Nov/2018:09:05:46 +0300] "POST /735M/SVMzhelskiy/LAB2/lab_rab2.php HTTP/1.1" 200 2499
::1 - - [26/Nov/2018:09:05:46 +0300] "GET /735M/SVMzhelskiy/LAB2/background.png HTTP/1.1" 404 234
::1 - - [26/Nov/2018:09:05:46 +0300] "GET /735M/SVMzhelskiy/LAB2/block1.jpg HTTP/1.1" 404 230
::1 - - [26/Nov/2018:09:05:48 +0300] "POST /735M/SVMzhelskiy/LAB2/lab_rab2.php HTTP/1.1" 200 2499
::1 - - [26/Nov/2018:09:05:48 +0300] "GET /735M/SVMzhelskiy/LAB2/background.png HTTP/1.1" 404 234
::1 - - [26/Nov/2018:09:05:48 +0300] "GET /735M/SVMzhelskiy/LAB2/block1.jpg HTTP/1.1" 404 230
::1 - - [26/Nov/2018:09:08:04 +0300] "POST /735M/SVMzhelskiy/LAB2/lab_rab2.php HTTP/1.1" 200 2499
::1 - - [26/Nov/2018:09:08:04 +0300] "GET /735M/SVMzhelskiy/LAB2/background.png HTTP/1.1" 404 234
::1 - - [26/Nov/2018:09:08:04 +0300] "GET /735M/SVMzhelskiy/LAB2/block1.jpg HTTP/1.1" 404 230
::1 - - [26/Nov/2018:09:08:07 +0300] "POST /735M/SVMzhelskiy/LAB2/lab_rab2.php HTTP/1.1" 200 2499
::1 - - [26/Nov/2018:09:08:07 +0300] "GET /735M/SVMzhelskiy/LAB2/background.png HTTP/1.1" 404 234
::1 - - [26/Nov/2018:09:08:07 +0300] "GET /735M/SVMzhelskiy/LAB2/block1.jpg HTTP/1.1" 404 230
::1 - - [26/Nov/2018:09:08:37 +0300] "POST /735M/SVMzhelskiy/LAB2/lab_rab2.php HTTP/1.1" 200 2499
::1 - - [26/Nov/2018:09:08:37 +0300] "GET /735M/SVMzhelskiy/LAB2/background.png HTTP/1.1" 404 234
::1 - - [26/Nov/2018:09:08:37 +0300] "GET /735M/SVMzhelskiy/LAB2/block1.jpg HTTP/1.1" 404 230
::1 - - [26/Nov/2018:09:08:39 +0300] "POST /735M/SVMzhelskiy/LAB2/lab_rab2.php HTTP/1.1" 200 2499
::1 - - [26/Nov/2018:09:08:39 +0300] "GET /735M/SVMzhelskiy/LAB2/background.png HTTP/1.1" 404 234
::1 - - [26/Nov/2018:09:08:39 +0300] "GET /735M/SVMzhelskiy/LAB2/block1.jpg HTTP/1.1" 404 230
::1 - - [26/Nov/2018:09:09:47 +0300] "POST /735M/SVMzhelskiy/LAB2/lab_rab2.php HTTP/1.1" 200 2499
::1 - - [26/Nov/2018:09:09:48 +0300] "GET /735M/SVMzhelskiy/LAB2/background.png HTTP/1.1" 404 234
::1 - - [26/Nov/2018:09:09:48 +0300] "GET /735M/SVMzhelskiy/LAB2/block1.jpg HTTP/1.1" 404 230
::1 - - [26/Nov/2018:09:09:50 +0300] "POST /735M/SVMzhelskiy/LAB2/lab_rab2.php HTTP/1.1" 200 2499
::1 - - [26/Nov/2018:09:09:50 +0300] "GET /735M/SVMzhelskiy/LAB2/background.png HTTP/1.1" 404 234
::1 - - [26/Nov/2018:09:09:50 +0300] "GET /735M/SVMzhelskiy/LAB2/block1.jpg HTTP/1.1" 404 230
::1 - - [26/Nov/2018:09:10:03 +0300] "POST /735M/SVMzhelskiy/LAB2/lab_rab2.php HTTP/1.1" 200 2499
::1 - - [26/Nov/2018:09:10:03 +0300] "GET /735M/SVMzhelskiy/LAB2/background.png HTTP/1.1" 404 234
::1 - - [26/Nov/2018:09:10:03 +0300] "GET /735M/SVMzhelskiy/LAB2/block1.jpg HTTP/1.1" 404 230
::1 - - [26/Nov/2018:09:10:05 +0300] "POST /735M/SVMzhelskiy/LAB2/lab_rab2.php HTTP/1.1" 200 2538
::1 - - [26/Nov/2018:09:10:05 +0300] "GET /735M/SVMzhelskiy/LAB2/background.png HTTP/1.1" 404 234
::1 - - [26/Nov/2018:09:10:05 +0300] "GET /735M/SVMzhelskiy/LAB2/block1.jpg HTTP/1.1" 404 230
::1 - - [26/Nov/2018:09:10:09 +0300] "POST /735M/SVMzhelskiy/LAB2/lab_rab2.php HTTP/1.1" 200 2499
::1 - - [26/Nov/2018:09:10:09 +0300] "GET /735M/SVMzhelskiy/LAB2/background.png HTTP/1.1" 404 234
::1 - - [26/Nov/2018:09:10:09 +0300] "GET /735M/SVMzhelskiy/LAB2/block1.jpg HTTP/1.1" 404 230
::1 - - [26/Nov/2018:09:20:27 +0300] "POST /735M/SVMzhelskiy/LAB2/lab_rab2.php HTTP/1.1" 200 2499
::1 - - [26/Nov/2018:09:20:27 +0300] "GET /735M/SVMzhelskiy/LAB2/background.png HTTP/1.1" 404 234
::1 - - [26/Nov/2018:09:20:27 +0300] "GET /735M/SVMzhelskiy/LAB2/block1.jpg HTTP/1.1" 404 230
::1 - - [26/Nov/2018:09:20:29 +0300] "POST /735M/SVMzhelskiy/LAB2/lab_rab2.php HTTP/1.1" 200 2499
::1 - - [26/Nov/2018:09:20:29 +0300] "GET /735M/SVMzhelskiy/LAB2/background.png HTTP/1.1" 404 234
::1 - - [26/Nov/2018:09:20:29 +0300] "GET /735M/SVMzhelskiy/LAB2/block1.jpg HTTP/1.1" 404 230
::1 - - [26/Nov/2018:09:20:31 +0300] "POST /735M/SVMzhelskiy/LAB2/lab_rab2.php HTTP/1.1" 200 2499
::1 - - [26/Nov/2018:09:20:31 +0300] "GET /735M/SVMzhelskiy/LAB2/background.png HTTP/1.1" 404 234
::1 - - [26/Nov/2018:09:20:31 +0300] "GET /735M/SVMzhelskiy/LAB2/block1.jpg HTTP/1.1" 404 230
::1 - - [26/Nov/2018:09:20:53 +0300] "POST /735M/SVMzhelskiy/LAB2/lab_rab2.php HTTP/1.1" 200 2499
::1 - - [26/Nov/2018:09:20:54 +0300] "GET /735M/SVMzhelskiy/LAB2/background.png HTTP/1.1" 404 234
::1 - - [26/Nov/2018:09:20:54 +0300] "GET /735M/SVMzhelskiy/LAB2/block1.jpg HTTP/1.1" 404 230
::1 - - [26/Nov/2018:09:20:55 +0300] "POST /735M/SVMzhelskiy/LAB2/lab_rab2.php HTTP/1.1" 200 2499
::1 - - [26/Nov/2018:09:20:55 +0300] "GET /735M/SVMzhelskiy/LAB2/background.png HTTP/1.1" 404 234
::1 - - [26/Nov/2018:09:20:55 +0300] "GET /735M/SVMzhelskiy/LAB2/block1.jpg HTTP/1.1" 404 230
::1 - - [26/Nov/2018:09:22:30 +0300] "POST /735M/SVMzhelskiy/LAB2/lab_rab2.php HTTP/1.1" 200 2499
::1 - - [26/Nov/2018:09:22:31 +0300] "GET /735M/SVMzhelskiy/LAB2/background.png HTTP/1.1" 404 234
::1 - - [26/Nov/2018:09:22:31 +0300] "GET /735M/SVMzhelskiy/LAB2/block1.jpg HTTP/1.1" 404 230
::1 - - [26/Nov/2018:09:22:32 +0300] "POST /735M/SVMzhelskiy/LAB2/lab_rab2.php HTTP/1.1" 200 2499
::1 - - [26/Nov/2018:09:22:32 +0300] "GET /735M/SVMzhelskiy/LAB2/background.png HTTP/1.1" 404 234
::1 - - [26/Nov/2018:09:22:32 +0300] "GET /735M/SVMzhelskiy/LAB2/block1.jpg HTTP/1.1" 404 230
::1 - - [26/Nov/2018:09:22:34 +0300] "POST /735M/SVMzhelskiy/LAB2/lab_rab2.php HTTP/1.1" 200 2499
::1 - - [26/Nov/2018:09:22:34 +0300] "GET /735M/SVMzhelskiy/LAB2/background.png HTTP/1.1" 404 234
::1 - - [26/Nov/2018:09:22:34 +0300] "GET /735M/SVMzhelskiy/LAB2/block1.jpg HTTP/1.1" 404 230
::1 - - [26/Nov/2018:09:48:35 +0300] "POST /735M/SVMzhelskiy/LAB2/lab_rab2.php HTTP/1.1" 200 2499
::1 - - [26/Nov/2018:09:48:36 +0300] "GET /735M/SVMzhelskiy/LAB2/background.png HTTP/1.1" 404 234
::1 - - [26/Nov/2018:09:48:36 +0300] "GET /735M/SVMzhelskiy/LAB2/block1.jpg HTTP/1.1" 404 230
::1 - - [26/Nov/2018:09:48:38 +0300] "POST /735M/SVMzhelskiy/LAB2/lab_rab2.php HTTP/1.1" 200 2499
::1 - - [26/Nov/2018:09:48:38 +0300] "GET /735M/SVMzhelskiy/LAB2/background.png HTTP/1.1" 404 234
::1 - - [26/Nov/2018:09:48:38 +0300] "GET /735M/SVMzhelskiy/LAB2/block1.jpg HTTP/1.1" 404 230
::1 - - [26/Nov/2018:09:48:40 +0300] "POST /735M/SVMzhelskiy/LAB2/lab_rab2.php HTTP/1.1" 200 2499
::1 - - [26/Nov/2018:09:48:40 +0300] "GET /735M/SVMzhelskiy/LAB2/background.png HTTP/1.1" 404 234
::1 - - [26/Nov/2018:09:48:40 +0300] "GET /735M/SVMzhelskiy/LAB2/block1.jpg HTTP/1.1" 404 230
::1 - - [26/Nov/2018:09:49:33 +0300] "POST /735M/SVMzhelskiy/LAB2/lab_rab2.php HTTP/1.1" 200 170
::1 - - [26/Nov/2018:09:50:02 +0300] "POST /735M/SVMzhelskiy/LAB2/lab_rab2.php HTTP/1.1" 200 170
::1 - - [26/Nov/2018:09:50:12 +0300] "POST /735M/SVMzhelskiy/LAB2/lab_rab2.php HTTP/1.1" 200 136
::1 - - [26/Nov/2018:09:50:31 +0300] "POST /735M/SVMzhelskiy/LAB2/lab_rab2.php HTTP/1.1" 200 2499
::1 - - [26/Nov/2018:09:50:31 +0300] "GET /735M/SVMzhelskiy/LAB2/background.png HTTP/1.1" 404 234
::1 - - [26/Nov/2018:09:50:31 +0300] "GET /735M/SVMzhelskiy/LAB2/block1.jpg HTTP/1.1" 404 230
::1 - - [26/Nov/2018:09:50:33 +0300] "POST /735M/SVMzhelskiy/LAB2/lab_rab2.php HTTP/1.1" 200 2499
::1 - - [26/Nov/2018:09:50:33 +0300] "GET /735M/SVMzhelskiy/LAB2/background.png HTTP/1.1" 404 234
::1 - - [26/Nov/2018:09:50:33 +0300] "GET /735M/SVMzhelskiy/LAB2/block1.jpg HTTP/1.1" 404 230
::1 - - [26/Nov/2018:09:50:40 +0300] "POST /735M/SVMzhelskiy/LAB2/lab_rab2.php HTTP/1.1" 200 2499
::1 - - [26/Nov/2018:09:50:40 +0300] "GET /735M/SVMzhelskiy/LAB2/background.png HTTP/1.1" 404 234
::1 - - [26/Nov/2018:09:50:40 +0300] "GET /735M/SVMzhelskiy/LAB2/block1.jpg HTTP/1.1" 404 230
::1 - - [26/Nov/2018:09:50:42 +0300] "POST /735M/SVMzhelskiy/LAB2/lab_rab2.php HTTP/1.1" 200 2499
::1 - - [26/Nov/2018:09:50:42 +0300] "GET /735M/SVMzhelskiy/LAB2/background.png HTTP/1.1" 404 234
::1 - - [26/Nov/2018:09:50:42 +0300] "GET /735M/SVMzhelskiy/LAB2/block1.jpg HTTP/1.1" 404 230
::1 - - [26/Nov/2018:09:50:43 +0300] "POST /735M/SVMzhelskiy/LAB2/lab_rab2.php HTTP/1.1" 200 2499
::1 - - [26/Nov/2018:09:50:43 +0300] "GET /735M/SVMzhelskiy/LAB2/background.png HTTP/1.1" 404 234
::1 - - [26/Nov/2018:09:50:43 +0300] "GET /735M/SVMzhelskiy/LAB2/block1.jpg HTTP/1.1" 404 230
::1 - - [26/Nov/2018:09:50:43 +0300] "POST /735M/SVMzhelskiy/LAB2/lab_rab2.php HTTP/1.1" 200 2499
::1 - - [26/Nov/2018:09:51:43 +0300] "POST /735M/SVMzhelskiy/LAB2/lab_rab2.php HTTP/1.1" 200 2515
::1 - - [26/Nov/2018:09:51:43 +0300] "GET /735M/SVMzhelskiy/LAB2/background.png HTTP/1.1" 404 234
::1 - - [26/Nov/2018:09:51:43 +0300] "GET /735M/SVMzhelskiy/LAB2/block1.jpg HTTP/1.1" 404 230
::1 - - [26/Nov/2018:09:51:45 +0300] "POST /735M/SVMzhelskiy/LAB2/lab_rab2.php HTTP/1.1" 200 2511
::1 - - [26/Nov/2018:09:52:26 +0300] "POST /735M/SVMzhelskiy/LAB2/lab_rab2.php HTTP/1.1" 200 2799
::1 - - [26/Nov/2018:09:52:35 +0300] "POST /735M/SVMzhelskiy/LAB2/lab_rab2.php HTTP/1.1" 200 2799
::1 - - [26/Nov/2018:09:52:38 +0300] "POST /735M/SVMzhelskiy/LAB2/lab_rab2.php HTTP/1.1" 200 2799
::1 - - [26/Nov/2018:09:52:40 +0300] "POST /735M/SVMzhelskiy/LAB2/lab_rab2.php HTTP/1.1" 200 2803
::1 - - [26/Nov/2018:09:53:19 +0300] "POST /735M/SVMzhelskiy/LAB2/lab_rab2.php HTTP/1.1" 200 2515
::1 - - [26/Nov/2018:09:53:22 +0300] "POST /735M/SVMzhelskiy/LAB2/lab_rab2.php HTTP/1.1" 200 2511
::1 - - [26/Nov/2018:09:53:26 +0300] "POST /735M/SVMzhelskiy/LAB2/lab_rab2.php HTTP/1.1" 200 2511
::1 - - [26/Nov/2018:09:53:38 +0300] "POST /735M/SVMzhelskiy/LAB2/lab_rab2.php HTTP/1.1" 200 2511
::1 - - [26/Nov/2018:09:53:41 +0300] "POST /735M/SVMzhelskiy/LAB2/lab_rab2.php HTTP/1.1" 200 2515
::1 - - [26/Nov/2018:09:54:04 +0300] "POST /735M/SVMzhelskiy/LAB2/lab_rab2.php HTTP/1.1" 200 2773
::1 - - [26/Nov/2018:09:54:29 +0300] "POST /735M/SVMzhelskiy/LAB2/lab_rab2.php HTTP/1.1" 200 2771
::1 - - [26/Nov/2018:09:54:49 +0300] "POST /735M/SVMzhelskiy/LAB2/lab_rab2.php HTTP/1.1" 200 2515
::1 - - [26/Nov/2018:09:54:52 +0300] "POST /735M/SVMzhelskiy/LAB2/lab_rab2.php HTTP/1.1" 200 2511
::1 - - [26/Nov/2018:09:54:55 +0300] "POST /735M/SVMzhelskiy/LAB2/lab_rab2.php HTTP/1.1" 200 2511
::1 - - [26/Nov/2018:09:55:39 +0300] "POST /735M/SVMzhelskiy/LAB2/lab_rab2.php HTTP/1.1" 200 2537
::1 - - [26/Nov/2018:09:56:23 +0300] "POST /735M/SVMzhelskiy/LAB2/lab_rab2.php HTTP/1.1" 200 161
::1 - - [26/Nov/2018:09:56:40 +0300] "POST /735M/SVMzhelskiy/LAB2/lab_rab2.php HTTP/1.1" 200 2544
::1 - - [26/Nov/2018:09:56:40 +0300] "GET /735M/SVMzhelskiy/LAB2/background.png HTTP/1.1" 404 234
::1 - - [26/Nov/2018:09:56:40 +0300] "GET /735M/SVMzhelskiy/LAB2/block1.jpg HTTP/1.1" 404 230
::1 - - [26/Nov/2018:09:56:42 +0300] "POST /735M/SVMzhelskiy/LAB2/lab_rab2.php HTTP/1.1" 200 2544
::1 - - [26/Nov/2018:09:56:42 +0300] "GET /735M/SVMzhelskiy/LAB2/background.png HTTP/1.1" 404 234
::1 - - [26/Nov/2018:09:56:42 +0300] "GET /735M/SVMzhelskiy/LAB2/block1.jpg HTTP/1.1" 404 230
::1 - - [26/Nov/2018:09:56:46 +0300] "POST /735M/SVMzhelskiy/LAB2/lab_rab2.php HTTP/1.1" 200 2544
::1 - - [26/Nov/2018:09:56:46 +0300] "GET /735M/SVMzhelskiy/LAB2/background.png HTTP/1.1" 404 234
::1 - - [26/Nov/2018:09:56:46 +0300] "GET /735M/SVMzhelskiy/LAB2/block1.jpg HTTP/1.1" 404 230
::1 - - [26/Nov/2018:10:16:43 +0300] "POST /735M/SVMzhelskiy/LAB2/lab_rab2.php HTTP/1.1" 200 136
::1 - - [26/Nov/2018:10:16:56 +0300] "POST /735M/SVMzhelskiy/LAB2/lab_rab2.php HTTP/1.1" 200 2540
::1 - - [26/Nov/2018:10:16:56 +0300] "GET /735M/SVMzhelskiy/LAB2/background.png HTTP/1.1" 404 234
::1 - - [26/Nov/2018:10:16:56 +0300] "GET /735M/SVMzhelskiy/LAB2/block1.jpg HTTP/1.1" 404 230
::1 - - [26/Nov/2018:10:19:06 +0300] "POST /735M/SVMzhelskiy/LAB2/lab_rab2.php HTTP/1.1" 200 2539
::1 - - [26/Nov/2018:10:19:06 +0300] "GET /735M/SVMzhelskiy/LAB2/background.png HTTP/1.1" 404 234
::1 - - [26/Nov/2018:10:19:06 +0300] "GET /735M/SVMzhelskiy/LAB2/block1.jpg HTTP/1.1" 404 230
::1 - - [26/Nov/2018:10:21:02 +0300] "POST /735M/SVMzhelskiy/LAB2/lab_rab2.php HTTP/1.1" 200 2542
::1 - - [26/Nov/2018:10:21:02 +0300] "GET /735M/SVMzhelskiy/LAB2/background.png HTTP/1.1" 404 234
::1 - - [26/Nov/2018:10:21:02 +0300] "GET /735M/SVMzhelskiy/LAB2/block1.jpg HTTP/1.1" 404 230
::1 - - [26/Nov/2018:10:22:46 +0300] "POST /735M/SVMzhelskiy/LAB2/lab_rab2.php HTTP/1.1" 200 2546
::1 - - [26/Nov/2018:10:22:46 +0300] "GET /735M/SVMzhelskiy/LAB2/background.png HTTP/1.1" 404 234
::1 - - [26/Nov/2018:10:22:46 +0300] "GET /735M/SVMzhelskiy/LAB2/block1.jpg HTTP/1.1" 404 230
::1 - - [26/Nov/2018:10:22:49 +0300] "POST /735M/SVMzhelskiy/LAB2/lab_rab2.php HTTP/1.1" 200 2546
::1 - - [26/Nov/2018:10:22:49 +0300] "GET /735M/SVMzhelskiy/LAB2/background.png HTTP/1.1" 404 234
::1 - - [26/Nov/2018:10:22:49 +0300] "GET /735M/SVMzhelskiy/LAB2/block1.jpg HTTP/1.1" 404 230
::1 - - [26/Nov/2018:10:27:39 +0300] "POST /735M/SVMzhelskiy/LAB2/lab_rab2.php HTTP/1.1" 200 2542
::1 - - [26/Nov/2018:10:27:39 +0300] "GET /735M/SVMzhelskiy/LAB2/background.png HTTP/1.1" 404 234
::1 - - [26/Nov/2018:10:27:39 +0300] "GET /735M/SVMzhelskiy/LAB2/block1.jpg HTTP/1.1" 404 230
::1 - - [26/Nov/2018:10:27:40 +0300] "POST /735M/SVMzhelskiy/LAB2/lab_rab2.php HTTP/1.1" 200 2542
::1 - - [26/Nov/2018:10:27:40 +0300] "GET /735M/SVMzhelskiy/LAB2/background.png HTTP/1.1" 404 234
::1 - - [26/Nov/2018:10:27:40 +0300] "GET /735M/SVMzhelskiy/LAB2/block1.jpg HTTP/1.1" 404 230
::1 - - [26/Nov/2018:10:27:44 +0300] "POST /735M/SVMzhelskiy/LAB2/lab_rab2.php HTTP/1.1" 200 2546
::1 - - [26/Nov/2018:10:27:44 +0300] "GET /735M/SVMzhelskiy/LAB2/background.png HTTP/1.1" 404 234
::1 - - [26/Nov/2018:10:27:44 +0300] "GET /735M/SVMzhelskiy/LAB2/block1.jpg HTTP/1.1" 404 230
::1 - - [26/Nov/2018:11:16:05 +0300] "POST /735M/SVMzhelskiy/LAB2/lab_rab2.php HTTP/1.1" 200 161
::1 - - [26/Nov/2018:11:16:30 +0300] "POST /735M/SVMzhelskiy/LAB2/lab_rab2.php HTTP/1.1" 200 2750
::1 - - [26/Nov/2018:11:16:30 +0300] "GET /735M/SVMzhelskiy/LAB2/background.png HTTP/1.1" 404 234
::1 - - [26/Nov/2018:11:16:30 +0300] "GET /735M/SVMzhelskiy/LAB2/block1.jpg HTTP/1.1" 404 230
::1 - - [26/Nov/2018:11:17:22 +0300] "POST /735M/SVMzhelskiy/LAB2/lab_rab2.php HTTP/1.1" 200 2750
::1 - - [26/Nov/2018:11:17:23 +0300] "GET /735M/SVMzhelskiy/LAB2/background.png HTTP/1.1" 404 234
::1 - - [26/Nov/2018:11:17:23 +0300] "GET /735M/SVMzhelskiy/LAB2/block1.jpg HTTP/1.1" 404 230
::1 - - [26/Nov/2018:11:17:25 +0300] "POST /735M/SVMzhelskiy/LAB2/lab_rab2.php HTTP/1.1" 200 2750
::1 - - [26/Nov/2018:11:17:25 +0300] "GET /735M/SVMzhelskiy/LAB2/background.png HTTP/1.1" 404 234
::1 - - [26/Nov/2018:11:17:25 +0300] "GET /735M/SVMzhelskiy/LAB2/block1.jpg HTTP/1.1" 404 230
::1 - - [26/Nov/2018:11:17:41 +0300] "POST /735M/SVMzhelskiy/LAB2/lab_rab2.php HTTP/1.1" 200 2591
::1 - - [26/Nov/2018:11:17:41 +0300] "GET /735M/SVMzhelskiy/LAB2/background.png HTTP/1.1" 404 234
::1 - - [26/Nov/2018:11:17:41 +0300] "GET /735M/SVMzhelskiy/LAB2/block1.jpg HTTP/1.1" 404 230
::1 - - [26/Nov/2018:11:17:44 +0300] "POST /735M/SVMzhelskiy/LAB2/lab_rab2.php HTTP/1.1" 200 2591
::1 - - [26/Nov/2018:11:17:44 +0300] "GET /735M/SVMzhelskiy/LAB2/background.png HTTP/1.1" 404 234
::1 - - [26/Nov/2018:11:17:44 +0300] "GET /735M/SVMzhelskiy/LAB2/block1.jpg HTTP/1.1" 404 230
::1 - - [26/Nov/2018:11:17:49 +0300] "POST /735M/SVMzhelskiy/LAB2/lab_rab2.php HTTP/1.1" 200 2587
::1 - - [26/Nov/2018:11:17:49 +0300] "GET /735M/SVMzhelskiy/LAB2/background.png HTTP/1.1" 404 234
::1 - - [26/Nov/2018:11:17:49 +0300] "GET /735M/SVMzhelskiy/LAB2/block1.jpg HTTP/1.1" 404 230
::1 - - [26/Nov/2018:11:17:52 +0300] "POST /735M/SVMzhelskiy/LAB2/lab_rab2.php HTTP/1.1" 200 2587
::1 - - [26/Nov/2018:11:17:52 +0300] "GET /735M/SVMzhelskiy/LAB2/background.png HTTP/1.1" 404 234
::1 - - [26/Nov/2018:11:17:52 +0300] "GET /735M/SVMzhelskiy/LAB2/block1.jpg HTTP/1.1" 404 230
::1 - - [26/Nov/2018:11:18:00 +0300] "POST /735M/SVMzhelskiy/LAB2/lab_rab2.php HTTP/1.1" 200 2587
::1 - - [26/Nov/2018:11:18:00 +0300] "GET /735M/SVMzhelskiy/LAB2/background.png HTTP/1.1" 404 234
::1 - - [26/Nov/2018:11:18:00 +0300] "GET /735M/SVMzhelskiy/LAB2/block1.jpg HTTP/1.1" 404 230
::1 - - [26/Nov/2018:11:33:01 +0300] "POST /735M/SVMzhelskiy/LAB2/lab_rab2.php HTTP/1.1" 200 2542
::1 - - [26/Nov/2018:11:33:01 +0300] "GET /735M/SVMzhelskiy/LAB2/background.png HTTP/1.1" 404 234
::1 - - [26/Nov/2018:11:33:01 +0300] "GET /735M/SVMzhelskiy/LAB2/block1.jpg HTTP/1.1" 404 230
::1 - - [26/Nov/2018:11:33:04 +0300] "POST /735M/SVMzhelskiy/LAB2/lab_rab2.php HTTP/1.1" 200 2587
::1 - - [26/Nov/2018:11:33:04 +0300] "GET /735M/SVMzhelskiy/LAB2/background.png HTTP/1.1" 404 234
::1 - - [26/Nov/2018:11:33:04 +0300] "GET /735M/SVMzhelskiy/LAB2/block1.jpg HTTP/1.1" 404 230
::1 - - [26/Nov/2018:12:58:29 +0300] "GET /735M/SVMzhelskiy/LAB2/index.php HTTP/1.1" 200 7112
::1 - - [26/Nov/2018:12:58:29 +0300] "GET /735M/SVMzhelskiy/LAB2/background.png HTTP/1.1" 404 234
::1 - - [26/Nov/2018:12:58:29 +0300] "GET /735M/SVMzhelskiy/LAB2/block1.jpg HTTP/1.1" 404 230
::1 - - [26/Nov/2018:12:58:43 +0300] "GET /735M/SVMzhelskiy/LAB2/lab_rab2.php HTTP/1.1" 200 2499
::1 - - [26/Nov/2018:12:58:44 +0300] "GET /735M/SVMzhelskiy/LAB2/background.png HTTP/1.1" 404 234
::1 - - [26/Nov/2018:12:58:44 +0300] "GET /735M/SVMzhelskiy/LAB2/block1.jpg HTTP/1.1" 404 230
